\BOOKMARK [0][]{chapter*.2}{Lista de Abreviaturas}{}% 1
\BOOKMARK [0][]{chapter*.3}{Lista de S\355mbolos}{}% 2
\BOOKMARK [0][]{chapter*.4}{Lista de Figuras}{}% 3
\BOOKMARK [0][]{chapter*.5}{Lista de Tabelas}{}% 4
\BOOKMARK [0][]{chapter.1}{Introdu\347\343o}{}% 5
\BOOKMARK [1][]{section.1.1}{Aspectos gerais}{chapter.1}% 6
\BOOKMARK [1][]{section.1.2}{ Forma\347\343o das imagens SAR}{chapter.1}% 7
\BOOKMARK [0][]{chapter.2}{Detec\347\343o de bordas em imagens PolSAR}{}% 8
\BOOKMARK [1][]{section.2.1}{Estimativa por M\341xima verossimilhan\347a \(MLE\)}{chapter.2}% 9
\BOOKMARK [1][]{section.2.2}{Fun\347\343o de verossimilhan\347a}{chapter.2}% 10
\BOOKMARK [1][]{section.2.3}{Estimativa de m\341xima verossimilhan\347a aplicada a distribu\355\347\343o Wishart}{chapter.2}% 11
\BOOKMARK [0][]{chapter.3}{Metodologia}{}% 12
\BOOKMARK [1][]{section.3.1}{Modelagem estat\355stica para dados PolSAR}{chapter.3}% 13
\BOOKMARK [2][]{subsection.3.1.1}{Matriz de coer\352ncia polarim\351trica de Pauli \(T4\) e matriz de covari\342ncia lexicogr\341fica \(C4\)}{section.3.1}% 14
\BOOKMARK [2][]{subsection.3.1.2}{Matriz de coer\352ncia polarim\351trica de Pauli \(T3\) e matriz de covari\342ncia lexicogr\341fica \(C3\)}{section.3.1}% 15
\BOOKMARK [1][]{section.3.2}{Estat\355stica do Ruido Speckle}{chapter.3}% 16
\BOOKMARK [2][]{subsection.3.2.1}{Forma\347\343o do speckle}{section.3.2}% 17
\BOOKMARK [2][]{subsection.3.2.2}{Modelo de Rayleigh para o speckle}{section.3.2}% 18
\BOOKMARK [2][]{subsection.3.2.3}{Estat\355stica speckle no processo de m\372ltiplas visadas}{section.3.2}% 19
\BOOKMARK [2][]{subsection.3.2.4}{Matriz de covari\342ncia segundo good}{section.3.2}% 20
\BOOKMARK [1][]{section.3.3}{Fun\347\365es de densidade}{chapter.3}% 21
\BOOKMARK [2][]{subsection.3.3.1}{Fun\347\343o de densidade Wishart para os canais de intensidade}{section.3.3}% 22
\BOOKMARK [2][]{subsection.3.3.2}{Fun\347\343o de densidade para cada canal complexo}{section.3.3}% 23
\BOOKMARK [2][]{subsection.3.3.3}{distribui\347\343o conjunta para \(Rii, Rij\)N2\(0, Cij\)}{section.3.3}% 24
\BOOKMARK [1][]{section.3.4}{Modelos para dados dados}{chapter.3}% 25
\BOOKMARK [1][]{section.3.5}{N\372mero Equivalente de Visadas}{chapter.3}% 26
\BOOKMARK [1][]{section.3.6}{Metodologia}{chapter.3}% 27
\BOOKMARK [1][]{section.3.7}{Detec\347\343o das evid\352ncias de bordas}{chapter.3}% 28
\BOOKMARK [1][]{section.3.8}{Modelos estat\355sticos para os dados SAR/PolSAR}{chapter.3}% 29
\BOOKMARK [2][]{subsection.3.8.1}{Estimativa de par\342metros usando o m\351todo da m\341xima verossimilhan\347a}{section.3.8}% 30
\BOOKMARK [2][]{subsection.3.8.2}{Fun\347\343o densidade de probabilidade univariada}{section.3.8}% 31
\BOOKMARK [2][]{subsection.3.8.3}{Fun\347\343o densidade de probabilidade bivariada}{section.3.8}% 32
\BOOKMARK [1][]{section.3.9}{M\351todos de fus\343o para as evid\352ncias de bordas}{chapter.3}% 33
\BOOKMARK [2][]{subsection.3.9.1}{Fus\343o por m\351dia simples}{section.3.9}% 34
\BOOKMARK [2][]{subsection.3.9.2}{Fus\343o usando o m\351todo wavelet discreta Multi-Resolu\347\343o \205 MR-DWT}{section.3.9}% 35
\BOOKMARK [2][]{subsection.3.9.3}{Fus\343o usando o m\351todo wavelet discreta Multi-Resolu\347\343o \205 MR-SWT}{section.3.9}% 36
\BOOKMARK [2][]{subsection.3.9.4}{Fus\343o usando o m\351todo an\341lise das componentes principais \205 PCA}{section.3.9}% 37
\BOOKMARK [2][]{subsection.3.9.5}{Fus\343o usando a estat\355stica ROC}{section.3.9}% 38
\BOOKMARK [2][]{subsection.3.9.6}{Fus\343o usando o m\351todo decomposi\347\343o em valores singulares multi-resolu\347\343o \205 MR-SVD}{section.3.9}% 39
\BOOKMARK [0][]{chapter.4}{Resultados Num\351ricos}{}% 40
\BOOKMARK [1][]{section.4.1}{Aplica\347\343o em imagem simulada}{chapter.4}% 41
\BOOKMARK [2][]{subsection.4.1.1}{Fun\347\343o Densidade de Probabilidade Univariada Gamma}{section.4.1}% 42
\BOOKMARK [2][]{subsection.4.1.2}{Distribui\347\343o univariada produto de intensidades}{section.4.1}% 43
\BOOKMARK [2][]{subsection.4.1.3}{Distribui\347\343o univariada raz\343o de intensidades com L fixo}{section.4.1}% 44
\BOOKMARK [2][]{subsection.4.1.4}{Distribui\347\343o bivariada produto de intensidades com L fixo}{section.4.1}% 45
\BOOKMARK [2][]{subsection.4.1.5}{Distribui\347\343o univariada span com L fixo}{section.4.1}% 46
\BOOKMARK [1][]{section.4.2}{Medida dos erros para a detec\347\343o de evid\352ncias de bordas nas imagem simuladas}{chapter.4}% 47
\BOOKMARK [1][]{section.4.3}{Aplica\347\343o em imagem de adquiridas por sensores PolSAR}{chapter.4}% 48
\BOOKMARK [2][]{subsection.4.3.1}{Mais pdfs}{section.4.3}% 49
\BOOKMARK [1][]{section.4.4}{Flevoland regi\343o 2 - mais pdfs}{chapter.4}% 50
\BOOKMARK [1][]{section.4.5}{San Francisco}{chapter.4}% 51
\BOOKMARK [2][]{subsection.4.5.1}{Probabilidade erro de detec\347\343o}{section.4.5}% 52
