\BOOKMARK [0][]{chapter*.2}{Lista de Abreviaturas}{}% 1
\BOOKMARK [0][]{chapter*.3}{Lista de S\355mbolos}{}% 2
\BOOKMARK [0][]{chapter*.4}{Lista de Figuras}{}% 3
\BOOKMARK [0][]{chapter*.5}{Lista de Tabelas}{}% 4
\BOOKMARK [0][]{chapter.1}{Metodologia}{}% 5
\BOOKMARK [1][]{section.1.1}{Modelagem estat\355stica para dados PolSAR}{chapter.1}% 6
\BOOKMARK [2][]{subsection.1.1.1}{Matriz de coer\352ncia polarim\351trica de Pauli \(T4\) e matriz de covari\342ncia lexicogr\341fica \(C4\)}{section.1.1}% 7
\BOOKMARK [2][]{subsection.1.1.2}{Matriz de coer\352ncia polarim\351trica de Pauli \(T3\) e matriz de covari\342ncia lexicogr\341fica \(C3\)}{section.1.1}% 8
\BOOKMARK [1][]{section.1.2}{Estat\355stica do Ruido Speckle}{chapter.1}% 9
\BOOKMARK [2][]{subsection.1.2.1}{Forma\347\343o do speckle}{section.1.2}% 10
\BOOKMARK [2][]{subsection.1.2.2}{Modelo de Rayleigh para o speckle}{section.1.2}% 11
\BOOKMARK [2][]{subsection.1.2.3}{Estat\355stica speckle no processo de m\372ltiplas visadas}{section.1.2}% 12
\BOOKMARK [2][]{subsection.1.2.4}{Matriz de covari\342ncia segundo good}{section.1.2}% 13
\BOOKMARK [1][]{section.1.3}{Fun\347\365es de densidade}{chapter.1}% 14
\BOOKMARK [2][]{subsection.1.3.1}{Fun\347\343o de densidade Wishart para os canais de intensidade}{section.1.3}% 15
\BOOKMARK [2][]{subsection.1.3.2}{Fun\347\343o de densidade para cada canal complexo}{section.1.3}% 16
\BOOKMARK [2][]{subsection.1.3.3}{distribui\347\343o conjunta para \(Rii, Rij\)N2\(0, Cij\)}{section.1.3}% 17
\BOOKMARK [1][]{section.1.4}{Modelos para dados dados}{chapter.1}% 18
\BOOKMARK [1][]{section.1.5}{Metodologia}{chapter.1}% 19
\BOOKMARK [1][]{section.1.6}{N\372mero Equivalente de Visadas}{chapter.1}% 20
\BOOKMARK [1][]{section.1.7}{Modelos de Densidades de Probabilidades Marginais}{chapter.1}% 21
\BOOKMARK [2][]{subsection.1.7.1}{Fun\347\343o Densidade de Probabilidade Univariada Gamma}{section.1.7}% 22
\BOOKMARK [2][]{subsection.1.7.2}{Fun\347\343o Densidade de Probabilidade Univariada produto de magnitudes das intensidades}{section.1.7}% 23
\BOOKMARK [2][]{subsection.1.7.3}{M\351todo da verossimilhan\347a aplicado na PDF univariada raz\343o de intensidades m\372ltiplas visadas}{section.1.7}% 24
\BOOKMARK [2][]{subsection.1.7.4}{Distribui\347\343o bivariada produto de intensidades - Lee }{section.1.7}% 25
\BOOKMARK [2][]{subsection.1.7.5}{Distribui\347\343o univariada para o span}{section.1.7}% 26
\BOOKMARK [0][]{chapter.2}{Resultado Num\351ricos}{}% 27
\BOOKMARK [1][]{section.2.1}{Aplica\347\343o em imagem simulada}{chapter.2}% 28
\BOOKMARK [1][]{section.2.2}{Aplica\347\343o em imagem de sensores PolSAR}{chapter.2}% 29
\BOOKMARK [2][]{subsection.2.2.1}{Imagem de Flevoland}{section.2.2}% 30
\BOOKMARK [2][]{subsection.2.2.2}{Imagem da Ba\355a de S\343o Francisco}{section.2.2}% 31
\BOOKMARK [0][]{appendix*.47}{Refer\352ncias Bibliogr\341ficas}{}% 32
