This is pdfTeX, Version 3.14159265-2.6-1.40.17 (TeX Live 2016/Debian) (preloaded format=pdflatex 2018.9.23)  3 DEC 2018 19:26
entering extended mode
 restricted \write18 enabled.
 %&-line parsing enabled.
**tese-exemplo.tex
(./tese-exemplo.tex
LaTeX2e <2017/01/01> patch level 3
Babel <3.9r> and hyphenation patterns for 83 language(s) loaded.
(/usr/share/texlive/texmf-dist/tex/latex/base/book.cls
Document Class: book 2014/09/29 v1.4h Standard LaTeX document class
(/usr/share/texlive/texmf-dist/tex/latex/base/bk11.clo
File: bk11.clo 2014/09/29 v1.4h Standard LaTeX file (size option)
)
\c@part=\count79
\c@chapter=\count80
\c@section=\count81
\c@subsection=\count82
\c@subsubsection=\count83
\c@paragraph=\count84
\c@subparagraph=\count85
\c@figure=\count86
\c@table=\count87
\abovecaptionskip=\skip41
\belowcaptionskip=\skip42
\bibindent=\dimen102
)
(/usr/share/texlive/texmf-dist/tex/latex/base/fontenc.sty
Package: fontenc 2017/02/22 v2.0g Standard LaTeX package

(/usr/share/texlive/texmf-dist/tex/latex/base/t1enc.def
File: t1enc.def 2017/02/22 v2.0g Standard LaTeX file
LaTeX Font Info:    Redeclaring font encoding T1 on input line 48.
))
(/usr/share/texlive/texmf-dist/tex/generic/babel/babel.sty
Package: babel 2016/04/23 3.9r The Babel package

(/usr/share/texlive/texmf-dist/tex/generic/babel-portuges/portuges.ldf
Language: portuges 2008/03/18 v1.2q Portuguese support from the babel system

(/usr/share/texlive/texmf-dist/tex/generic/babel/babel.def
File: babel.def 2016/04/23 3.9r Babel common definitions
\babel@savecnt=\count88
\U@D=\dimen103
)
\l@brazil = a dialect from \language\l@portuges 
Package babel Info: Making " an active character on input line 145.
))
(/usr/share/texlive/texmf-dist/tex/latex/base/inputenc.sty
Package: inputenc 2015/03/17 v1.2c Input encoding file
\inpenc@prehook=\toks14
\inpenc@posthook=\toks15

(/usr/share/texlive/texmf-dist/tex/latex/base/latin1.def
File: latin1.def 2015/03/17 v1.2c Input encoding file
))
(/usr/share/texlive/texmf-dist/tex/latex/graphics/graphicx.sty
Package: graphicx 2014/10/28 v1.0g Enhanced LaTeX Graphics (DPC,SPQR)

(/usr/share/texlive/texmf-dist/tex/latex/graphics/keyval.sty
Package: keyval 2014/10/28 v1.15 key=value parser (DPC)
\KV@toks@=\toks16
)
(/usr/share/texlive/texmf-dist/tex/latex/graphics/graphics.sty
Package: graphics 2016/10/09 v1.0u Standard LaTeX Graphics (DPC,SPQR)

(/usr/share/texlive/texmf-dist/tex/latex/graphics/trig.sty
Package: trig 2016/01/03 v1.10 sin cos tan (DPC)
)
(/usr/share/texlive/texmf-dist/tex/latex/graphics-cfg/graphics.cfg
File: graphics.cfg 2016/06/04 v1.11 sample graphics configuration
)
Package graphics Info: Driver file: pdftex.def on input line 99.

(/usr/share/texlive/texmf-dist/tex/latex/graphics-def/pdftex.def
File: pdftex.def 2017/01/12 v0.06k Graphics/color for pdfTeX

(/usr/share/texlive/texmf-dist/tex/generic/oberdiek/infwarerr.sty
Package: infwarerr 2016/05/16 v1.4 Providing info/warning/error messages (HO)
)
(/usr/share/texlive/texmf-dist/tex/generic/oberdiek/ltxcmds.sty
Package: ltxcmds 2016/05/16 v1.23 LaTeX kernel commands for general use (HO)
)
\Gread@gobject=\count89
))
\Gin@req@height=\dimen104
\Gin@req@width=\dimen105
)
(/usr/share/texlive/texmf-dist/tex/latex/setspace/setspace.sty
Package: setspace 2011/12/19 v6.7a set line spacing
)
(/usr/share/texlive/texmf-dist/tex/latex/tools/indentfirst.sty
Package: indentfirst 1995/11/23 v1.03 Indent first paragraph (DPC)
)
(/usr/share/texlive/texmf-dist/tex/latex/base/makeidx.sty
Package: makeidx 2014/09/29 v1.0m Standard LaTeX package
)
(/usr/share/texlive/texmf-dist/tex/latex/tocbibind/tocbibind.sty
Package: tocbibind 2010/10/13 v1.5k extra ToC listings
Package tocbibind Info: The document has chapter divisions on input line 50.


Package tocbibind Note: Using chapter style headings, unless overridden.

) (/usr/share/texlive/texmf-dist/tex/latex/psnfss/courier.sty
Package: courier 2005/04/12 PSNFSS-v9.2a (WaS) 
)
(/usr/share/texlive/texmf-dist/tex/latex/type1cm/type1cm.sty
Package: type1cm 2002/09/05 v0.04 BlueSky/Y&Y Type1 CM font definitions (DPC, p
atched RF)
)
(/usr/share/texlive/texmf-dist/tex/latex/listings/listings.sty
\lst@mode=\count90
\lst@gtempboxa=\box26
\lst@token=\toks17
\lst@length=\count91
\lst@currlwidth=\dimen106
\lst@column=\count92
\lst@pos=\count93
\lst@lostspace=\dimen107
\lst@width=\dimen108
\lst@newlines=\count94
\lst@lineno=\count95
\lst@maxwidth=\dimen109

(/usr/share/texlive/texmf-dist/tex/latex/listings/lstmisc.sty
File: lstmisc.sty 2015/06/04 1.6 (Carsten Heinz)
\c@lstnumber=\count96
\lst@skipnumbers=\count97
\lst@framebox=\box27
)
(/usr/share/texlive/texmf-dist/tex/latex/listings/listings.cfg
File: listings.cfg 2015/06/04 1.6 listings configuration
))
Package: listings 2015/06/04 1.6 (Carsten Heinz)

(/usr/share/texlive/texmf-dist/tex/latex/titlesec/titletoc.sty
Package: titletoc 2011/12/15 v1.6 TOC entries
\ttl@leftsep=\dimen110
)
(/usr/share/texlive/texmf-dist/tex/latex/amsmath/amsmath.sty
Package: amsmath 2016/11/05 v2.16a AMS math features
\@mathmargin=\skip43

For additional information on amsmath, use the `?' option.
(/usr/share/texlive/texmf-dist/tex/latex/amsmath/amstext.sty
Package: amstext 2000/06/29 v2.01 AMS text

(/usr/share/texlive/texmf-dist/tex/latex/amsmath/amsgen.sty
File: amsgen.sty 1999/11/30 v2.0 generic functions
\@emptytoks=\toks18
\ex@=\dimen111
))
(/usr/share/texlive/texmf-dist/tex/latex/amsmath/amsbsy.sty
Package: amsbsy 1999/11/29 v1.2d Bold Symbols
\pmbraise@=\dimen112
)
(/usr/share/texlive/texmf-dist/tex/latex/amsmath/amsopn.sty
Package: amsopn 2016/03/08 v2.02 operator names
)
\inf@bad=\count98
LaTeX Info: Redefining \frac on input line 213.
\uproot@=\count99
\leftroot@=\count100
LaTeX Info: Redefining \overline on input line 375.
\classnum@=\count101
\DOTSCASE@=\count102
LaTeX Info: Redefining \ldots on input line 472.
LaTeX Info: Redefining \dots on input line 475.
LaTeX Info: Redefining \cdots on input line 596.
\Mathstrutbox@=\box28
\strutbox@=\box29
\big@size=\dimen113
LaTeX Font Info:    Redeclaring font encoding OML on input line 712.
LaTeX Font Info:    Redeclaring font encoding OMS on input line 713.
\macc@depth=\count103
\c@MaxMatrixCols=\count104
\dotsspace@=\muskip10
\c@parentequation=\count105
\dspbrk@lvl=\count106
\tag@help=\toks19
\row@=\count107
\column@=\count108
\maxfields@=\count109
\andhelp@=\toks20
\eqnshift@=\dimen114
\alignsep@=\dimen115
\tagshift@=\dimen116
\tagwidth@=\dimen117
\totwidth@=\dimen118
\lineht@=\dimen119
\@envbody=\toks21
\multlinegap=\skip44
\multlinetaggap=\skip45
\mathdisplay@stack=\toks22
LaTeX Info: Redefining \[ on input line 2817.
LaTeX Info: Redefining \] on input line 2818.
)
(/usr/share/texlive/texmf-dist/tex/latex/amsfonts/amssymb.sty
Package: amssymb 2013/01/14 v3.01 AMS font symbols

(/usr/share/texlive/texmf-dist/tex/latex/amsfonts/amsfonts.sty
Package: amsfonts 2013/01/14 v3.01 Basic AMSFonts support
\symAMSa=\mathgroup4
\symAMSb=\mathgroup5
LaTeX Font Info:    Overwriting math alphabet `\mathfrak' in version `bold'
(Font)                  U/euf/m/n --> U/euf/b/n on input line 106.
))
(/usr/share/texlive/texmf-dist/tex/latex/booktabs/booktabs.sty
Package: booktabs 2016/04/27 v1.618033 publication quality tables
\heavyrulewidth=\dimen120
\lightrulewidth=\dimen121
\cmidrulewidth=\dimen122
\belowrulesep=\dimen123
\belowbottomsep=\dimen124
\aboverulesep=\dimen125
\abovetopsep=\dimen126
\cmidrulesep=\dimen127
\cmidrulekern=\dimen128
\defaultaddspace=\dimen129
\@cmidla=\count110
\@cmidlb=\count111
\@aboverulesep=\dimen130
\@belowrulesep=\dimen131
\@thisruleclass=\count112
\@lastruleclass=\count113
\@thisrulewidth=\dimen132
)
(/usr/share/texlive/texmf-dist/tex/latex/siunitx/siunitx.sty
(/usr/share/texlive/texmf-dist/tex/latex/l3kernel/expl3.sty
Package: expl3 2016/11/21 v6760 L3 programming layer (loader) 

(/usr/share/texlive/texmf-dist/tex/latex/l3kernel/expl3-code.tex
Package: expl3 2016/11/21 v6760 L3 programming layer (code)
L3 Module: l3bootstrap 2016/06/13 v6596 L3 Bootstrap code
L3 Module: l3names 2016/10/13 v6722 L3 Namespace for primitives
L3 Module: l3basics 2016/09/01 v6696 L3 Basic definitions
L3 Module: l3expan 2016/08/19 v6684 L3 Argument expansion
L3 Module: l3tl 2016/08/19 v6692 L3 Token lists
L3 Module: l3str 2016/08/19 v6692 L3 Strings
L3 Module: l3seq 2016/08/19 v6685 L3 Sequences and stacks
L3 Module: l3int 2016/09/07 v6700 L3 Integers
\c_max_int=\count114
\l_tmpa_int=\count115
\l_tmpb_int=\count116
\g_tmpa_int=\count117
\g_tmpb_int=\count118
L3 Module: l3quark 2016/08/19 v6685 L3 Quarks
L3 Module: l3prg 2016/08/18 v6679 L3 Control structures
\g__prg_map_int=\count119
L3 Module: l3clist 2016/08/19 v6685 L3 Comma separated lists
L3 Module: l3token 2016/09/01 v6695 L3 Experimental token manipulation
L3 Module: l3prop 2016/08/19 v6685 L3 Property lists
L3 Module: l3msg 2016/08/19 v6691 L3 Messages
L3 Module: l3file 2016/08/19 v6685 L3 File and I/O operations
\l_iow_line_count_int=\count120
\l__iow_target_count_int=\count121
\l__iow_current_line_int=\count122
\l__iow_current_word_int=\count123
\l__iow_current_indentation_int=\count124
L3 Module: l3skip 2016/08/19 v6692 L3 Dimensions and skips
\c_zero_dim=\dimen133
\c_max_dim=\dimen134
\l_tmpa_dim=\dimen135
\l_tmpb_dim=\dimen136
\g_tmpa_dim=\dimen137
\g_tmpb_dim=\dimen138
\c_zero_skip=\skip46
\c_max_skip=\skip47
\l_tmpa_skip=\skip48
\l_tmpb_skip=\skip49
\g_tmpa_skip=\skip50
\g_tmpb_skip=\skip51
\c_zero_muskip=\muskip11
\c_max_muskip=\muskip12
\l_tmpa_muskip=\muskip13
\l_tmpb_muskip=\muskip14
\g_tmpa_muskip=\muskip15
\g_tmpb_muskip=\muskip16
L3 Module: l3keys 2016/09/21 v6711 L3 Key-value interfaces
\l_keys_choice_int=\count125
L3 Module: l3fp 2016/11/21 v6761 L3 Floating points
\c__fp_leading_shift_int=\count126
\c__fp_middle_shift_int=\count127
\c__fp_trailing_shift_int=\count128
\c__fp_big_leading_shift_int=\count129
\c__fp_big_middle_shift_int=\count130
\c__fp_big_trailing_shift_int=\count131
\c__fp_Bigg_leading_shift_int=\count132
\c__fp_Bigg_middle_shift_int=\count133
\c__fp_Bigg_trailing_shift_int=\count134
L3 Module: l3box 2016/08/19 v6685 L3 Experimental boxes
\c_empty_box=\box30
\l_tmpa_box=\box31
\l_tmpb_box=\box32
\g_tmpa_box=\box33
\g_tmpb_box=\box34
L3 Module: l3coffins 2016/08/19 v6685 L3 Coffin code layer
\l__coffin_internal_box=\box35
\l__coffin_internal_dim=\dimen139
\l__coffin_offset_x_dim=\dimen140
\l__coffin_offset_y_dim=\dimen141
\l__coffin_x_dim=\dimen142
\l__coffin_y_dim=\dimen143
\l__coffin_x_prime_dim=\dimen144
\l__coffin_y_prime_dim=\dimen145
\c_empty_coffin=\box36
\l__coffin_aligned_coffin=\box37
\l__coffin_aligned_internal_coffin=\box38
\l_tmpa_coffin=\box39
\l_tmpb_coffin=\box40
\l__coffin_display_coffin=\box41
\l__coffin_display_coord_coffin=\box42
\l__coffin_display_pole_coffin=\box43
\l__coffin_display_offset_dim=\dimen146
\l__coffin_display_x_dim=\dimen147
\l__coffin_display_y_dim=\dimen148
L3 Module: l3color 2016/06/13 v6596 L3 Experimental color support
L3 Module: l3sys 2015/09/25 v6087 L3 Experimental system/runtime functions
L3 Module: l3candidates 2016/08/19 v6688 L3 Experimental additions to l3kernel
\l__box_top_dim=\dimen149
\l__box_bottom_dim=\dimen150
\l__box_left_dim=\dimen151
\l__box_right_dim=\dimen152
\l__box_top_new_dim=\dimen153
\l__box_bottom_new_dim=\dimen154
\l__box_left_new_dim=\dimen155
\l__box_right_new_dim=\dimen156
\l__box_internal_box=\box44
\l__coffin_bounding_shift_dim=\dimen157
\l__coffin_left_corner_dim=\dimen158
\l__coffin_right_corner_dim=\dimen159
\l__coffin_bottom_corner_dim=\dimen160
\l__coffin_top_corner_dim=\dimen161
\l__coffin_scaled_total_height_dim=\dimen162
\l__coffin_scaled_width_dim=\dimen163
L3 Module: l3luatex 2016/08/18 v6679 L3 Experimental LuaTeX-specific functions
)
(/usr/share/texlive/texmf-dist/tex/latex/l3kernel/l3pdfmode.def
File: l3pdfmode.def 2016/08/18 v6679 L3 Experimental driver: PDF mode
\l__driver_color_stack_int=\count135
\l__driver_tmp_box=\box45
))
(/usr/share/texlive/texmf-dist/tex/latex/l3packages/xparse/xparse.sty
Package: xparse 2016/11/21 v6760 L3 Experimental document command parser
\l__xparse_current_arg_int=\count136
\l__xparse_m_args_int=\count137
\l__xparse_mandatory_args_int=\count138
\l__xparse_processor_int=\count139
\l__xparse_v_nesting_int=\count140
)
Package: siunitx 2017/01/01 v2.7a A comprehensive (SI) units package

(/usr/share/texlive/texmf-dist/tex/latex/tools/array.sty
Package: array 2016/10/06 v2.4d Tabular extension package (FMi)
\col@sep=\dimen164
\extrarowheight=\dimen165
\NC@list=\toks23
\extratabsurround=\skip52
\backup@length=\skip53
)
(/usr/share/texlive/texmf-dist/tex/latex/l3packages/l3keys2e/l3keys2e.sty
Package: l3keys2e 2016/11/21 v6760 LaTeX2e option processing using LaTeX3 keys
)
\l__siunitx_tmp_box=\box46
\l__siunitx_tmp_dim=\dimen166
\l__siunitx_tmp_int=\count141
\l__siunitx_number_mantissa_length_int=\count142
\l__siunitx_number_uncert_length_int=\count143
\l__siunitx_round_int=\count144
\l__siunitx_process_decimal_int=\count145
\l__siunitx_process_uncertainty_int=\count146
\l__siunitx_process_fixed_int=\count147
\l__siunitx_process_integer_min_int=\count148
\l__siunitx_process_precision_int=\count149
\l__siunitx_group_min_int=\count150
\l__siunitx_angle_marker_box=\box47
\l__siunitx_angle_unit_box=\box48
\l__siunitx_angle_marker_dim=\dimen167
\l__siunitx_angle_unit_dim=\dimen168
\l__siunitx_unit_int=\count151
\l__siunitx_unit_denominator_int=\count152
\l__siunitx_unit_numerator_int=\count153
\l__siunitx_unit_prefix_int=\count154
\l__siunitx_unit_prefix_base_int=\count155
\l__siunitx_unit_prefix_gram_int=\count156
\l__siunitx_number_product_int=\count157
\c__siunitx_one_fill_skip=\skip54
\l__siunitx_table_unit_align_skip=\skip55
\l__siunitx_table_exponent_dim=\dimen169
\l__siunitx_table_integer_dim=\dimen170
\l__siunitx_table_mantissa_dim=\dimen171
\l__siunitx_table_marker_dim=\dimen172
\l__siunitx_table_result_dim=\dimen173
\l__siunitx_table_uncert_dim=\dimen174
\l__siunitx_table_fill_pre_dim=\dimen175
\l__siunitx_table_fill_post_dim=\dimen176
\l__siunitx_table_fill_mid_dim=\dimen177
\l__siunitx_table_pre_box=\box49
\l__siunitx_table_post_box=\box50
\l__siunitx_table_mantissa_box=\box51
\l__siunitx_table_result_box=\box52
\l__siunitx_table_number_align_skip=\skip56
\l__siunitx_table_text_align_skip=\skip57
.................................................
. LaTeX info: "xparse/define-command"
. 
. Defining command \DeclareBinaryPrefix with sig. 'mmm' on line 7249.
.................................................
.................................................
. LaTeX info: "xparse/define-command"
. 
. Defining command \DeclareSIPostPower with sig. 'mm' on line 7252.
.................................................
.................................................
. LaTeX info: "xparse/define-command"
. 
. Defining command \DeclareSIPrefix with sig. 'mmm' on line 7255.
.................................................
.................................................
. LaTeX info: "xparse/define-command"
. 
. Defining command \DeclareSIPrePower with sig. 'mm' on line 7258.
.................................................
.................................................
. LaTeX info: "xparse/define-command"
. 
. Defining command \DeclareSIQualifier with sig. 'mm' on line 7261.
.................................................
.................................................
. LaTeX info: "xparse/define-command"
. 
. Defining command \DeclareSIUnit with sig. 'O{}mm' on line 7264.
.................................................
.................................................
. LaTeX info: "xparse/define-command"
. 
. Defining command \DeclareSIUnitWithOptions with sig. 'mmm' on line 7267.
.................................................
.................................................
. LaTeX info: "xparse/define-command"
. 
. Defining command \ang with sig. 'o>{\SplitArgument {2}{;}}m' on line 7282.
.................................................
.................................................
. LaTeX info: "xparse/define-command"
. 
. Defining command \num with sig. 'om' on line 7291.
.................................................
.................................................
. LaTeX info: "xparse/define-command"
. 
. Defining command \numlist with sig. 'o>{\SplitList {;}}m' on line 7300.
.................................................
.................................................
. LaTeX info: "xparse/define-command"
. 
. Defining command \numrange with sig. 'omm' on line 7309.
.................................................
.................................................
. LaTeX info: "xparse/define-command"
. 
. Defining command \SIlist with sig. 'o>{\SplitList {;}}mm' on line 7321.
.................................................
.................................................
. LaTeX info: "xparse/define-command"
. 
. Defining command \SIrange with sig. 'ommm' on line 7333.
.................................................
.................................................
. LaTeX info: "xparse/define-command"
. 
. Defining command \SI with sig. 'omom' on line 7345.
.................................................
.................................................
. LaTeX info: "xparse/define-command"
. 
. Defining command \sisetup with sig. 'm' on line 7348.
.................................................
.................................................
. LaTeX info: "xparse/define-command"
. 
. Defining command \tablenum with sig. 'om' on line 7363.
.................................................
.................................................
. LaTeX info: "xparse/define-command"
. 
. Defining command \si with sig. 'om' on line 7375.
.................................................
.................................................
. LaTeX info: "xparse/define-command"
. 
. Defining command \__siunitx_bookmark_num:w with sig. 'om' on line 7422.
.................................................
.................................................
. LaTeX info: "xparse/define-command"
. 
. Defining command \__siunitx_bookmark_numrange:w with sig. 'omm' on line
. 7424.
.................................................
.................................................
. LaTeX info: "xparse/define-command"
. 
. Defining command \__siunitx_bookmark_SI:w with sig. 'omom' on line 7426.
.................................................
.................................................
. LaTeX info: "xparse/define-command"
. 
. Defining command \__siunitx_bookmark_SIlist:w with sig. 'omm' on line 7428.
.................................................
.................................................
. LaTeX info: "xparse/define-command"
. 
. Defining command \__siunitx_bookmark_SIrange:w with sig. 'ommm' on line
. 7430.
.................................................
.................................................
. LaTeX info: "xparse/define-command"
. 
. Defining command \__siunitx_bookmark_si:w with sig. 'om' on line 7431.
.................................................
\g__file_internal_ior=\read1

(/usr/share/texlive/texmf-dist/tex/latex/beamer/translator/translator.sty
Package: translator 2010/06/12 ver 1.10

(/usr/share/texlive/texmf-dist/tex/latex/beamer/translator/translator-language-
mappings.tex))) (/usr/share/texlive/texmf-dist/tex/latex/graphics/rotating.sty
Package: rotating 2016/08/11 v2.16d rotated objects in LaTeX

(/usr/share/texlive/texmf-dist/tex/latex/base/ifthen.sty
Package: ifthen 2014/09/29 v1.1c Standard LaTeX ifthen package (DPC)
)
\c@r@tfl@t=\count158
\rotFPtop=\skip58
\rotFPbot=\skip59
\rot@float@box=\box53
\rot@mess@toks=\toks24
)
(/usr/share/texlive/texmf-dist/tex/latex/babelbib/babelbib.sty
Package: babelbib 2012/01/03 v1.31 babelbib: multilingual bibliographies (HH)
\c@btxromaniannumeral=\count159
)
(/usr/share/texlive/texmf-dist/tex/latex/caption/caption.sty
Package: caption 2016/02/21 v3.3-144 Customizing captions (AR)

(/usr/share/texlive/texmf-dist/tex/latex/caption/caption3.sty
Package: caption3 2016/05/22 v1.7-166 caption3 kernel (AR)
Package caption3 Info: TeX engine: e-TeX on input line 67.
\captionmargin=\dimen178
\captionmargin@=\dimen179
\captionwidth=\dimen180
\caption@tempdima=\dimen181
\caption@indent=\dimen182
\caption@parindent=\dimen183
\caption@hangindent=\dimen184
)
\c@ContinuedFloat=\count160
Package caption Info: listings package is loaded.
Package caption Info: rotating package is loaded.
)
(/usr/share/texlive/texmf-dist/tex/latex/xcolor/xcolor.sty
Package: xcolor 2016/05/11 v2.12 LaTeX color extensions (UK)

(/usr/share/texlive/texmf-dist/tex/latex/graphics-cfg/color.cfg
File: color.cfg 2016/01/02 v1.6 sample color configuration
)
Package xcolor Info: Package option `usenames' ignored on input line 216.
Package xcolor Info: Driver file: pdftex.def on input line 225.
Package xcolor Info: Model `cmy' substituted by `cmy0' on input line 1348.
Package xcolor Info: Model `hsb' substituted by `rgb' on input line 1352.
Package xcolor Info: Model `RGB' extended on input line 1364.
Package xcolor Info: Model `HTML' substituted by `rgb' on input line 1366.
Package xcolor Info: Model `Hsb' substituted by `hsb' on input line 1367.
Package xcolor Info: Model `tHsb' substituted by `hsb' on input line 1368.
Package xcolor Info: Model `HSB' substituted by `hsb' on input line 1369.
Package xcolor Info: Model `Gray' substituted by `gray' on input line 1370.
Package xcolor Info: Model `wave' substituted by `hsb' on input line 1371.

(/usr/share/texlive/texmf-dist/tex/latex/graphics/dvipsnam.def
File: dvipsnam.def 2016/06/17 v3.0m Driver-dependent file (DPC,SPQR)
)
(/usr/share/texlive/texmf-dist/tex/latex/xcolor/svgnam.def
File: svgnam.def 2016/05/11 v2.12 Predefined colors according to SVG 1.1 (UK)
))
(/usr/share/texlive/texmf-dist/tex/latex/geometry/geometry.sty
Package: geometry 2010/09/12 v5.6 Page Geometry

(/usr/share/texlive/texmf-dist/tex/generic/oberdiek/ifpdf.sty
Package: ifpdf 2016/05/14 v3.1 Provides the ifpdf switch
)
(/usr/share/texlive/texmf-dist/tex/generic/oberdiek/ifvtex.sty
Package: ifvtex 2016/05/16 v1.6 Detect VTeX and its facilities (HO)
Package ifvtex Info: VTeX not detected.
)
(/usr/share/texlive/texmf-dist/tex/generic/ifxetex/ifxetex.sty
Package: ifxetex 2010/09/12 v0.6 Provides ifxetex conditional
)
\Gm@cnth=\count161
\Gm@cntv=\count162
\c@Gm@tempcnt=\count163
\Gm@bindingoffset=\dimen185
\Gm@wd@mp=\dimen186
\Gm@odd@mp=\dimen187
\Gm@even@mp=\dimen188
\Gm@layoutwidth=\dimen189
\Gm@layoutheight=\dimen190
\Gm@layouthoffset=\dimen191
\Gm@layoutvoffset=\dimen192
\Gm@dimlist=\toks25
)
(/usr/share/texlive/texmf-dist/tex/latex/hyperref/hyperref.sty
Package: hyperref 2016/06/24 v6.83q Hypertext links for LaTeX

(/usr/share/texlive/texmf-dist/tex/generic/oberdiek/hobsub-hyperref.sty
Package: hobsub-hyperref 2016/05/16 v1.14 Bundle oberdiek, subset hyperref (HO)


(/usr/share/texlive/texmf-dist/tex/generic/oberdiek/hobsub-generic.sty
Package: hobsub-generic 2016/05/16 v1.14 Bundle oberdiek, subset generic (HO)
Package: hobsub 2016/05/16 v1.14 Construct package bundles (HO)
Package hobsub Info: Skipping package `infwarerr' (already loaded).
Package hobsub Info: Skipping package `ltxcmds' (already loaded).
Package: ifluatex 2016/05/16 v1.4 Provides the ifluatex switch (HO)
Package ifluatex Info: LuaTeX not detected.
Package hobsub Info: Skipping package `ifvtex' (already loaded).
Package: intcalc 2016/05/16 v1.2 Expandable calculations with integers (HO)
Package hobsub Info: Skipping package `ifpdf' (already loaded).
Package: etexcmds 2016/05/16 v1.6 Avoid name clashes with e-TeX commands (HO)
Package etexcmds Info: Could not find \expanded.
(etexcmds)             That can mean that you are not using pdfTeX 1.50 or
(etexcmds)             that some package has redefined \expanded.
(etexcmds)             In the latter case, load this package earlier.
Package: kvsetkeys 2016/05/16 v1.17 Key value parser (HO)
Package: kvdefinekeys 2016/05/16 v1.4 Define keys (HO)
Package: pdftexcmds 2016/05/21 v0.22 Utility functions of pdfTeX for LuaTeX (HO
)
Package pdftexcmds Info: LuaTeX not detected.
Package pdftexcmds Info: \pdf@primitive is available.
Package pdftexcmds Info: \pdf@ifprimitive is available.
Package pdftexcmds Info: \pdfdraftmode found.
Package: pdfescape 2016/05/16 v1.14 Implements pdfTeX's escape features (HO)
Package: bigintcalc 2016/05/16 v1.4 Expandable calculations on big integers (HO
)
Package: bitset 2016/05/16 v1.2 Handle bit-vector datatype (HO)
Package: uniquecounter 2016/05/16 v1.3 Provide unlimited unique counter (HO)
)
Package hobsub Info: Skipping package `hobsub' (already loaded).
Package: letltxmacro 2016/05/16 v1.5 Let assignment for LaTeX macros (HO)
Package: hopatch 2016/05/16 v1.3 Wrapper for package hooks (HO)
Package: xcolor-patch 2016/05/16 xcolor patch
Package: atveryend 2016/05/16 v1.9 Hooks at the very end of document (HO)
Package atveryend Info: \enddocument detected (standard20110627).
Package: atbegshi 2016/06/09 v1.18 At begin shipout hook (HO)
Package: refcount 2016/05/16 v3.5 Data extraction from label references (HO)
Package: hycolor 2016/05/16 v1.8 Color options for hyperref/bookmark (HO)
)
(/usr/share/texlive/texmf-dist/tex/latex/oberdiek/auxhook.sty
Package: auxhook 2016/05/16 v1.4 Hooks for auxiliary files (HO)
)
(/usr/share/texlive/texmf-dist/tex/latex/oberdiek/kvoptions.sty
Package: kvoptions 2016/05/16 v3.12 Key value format for package options (HO)
)
\@linkdim=\dimen193
\Hy@linkcounter=\count164
\Hy@pagecounter=\count165

(/usr/share/texlive/texmf-dist/tex/latex/hyperref/pd1enc.def
File: pd1enc.def 2016/06/24 v6.83q Hyperref: PDFDocEncoding definition (HO)
)
\Hy@SavedSpaceFactor=\count166

(/usr/share/texlive/texmf-dist/tex/latex/latexconfig/hyperref.cfg
File: hyperref.cfg 2002/06/06 v1.2 hyperref configuration of TeXLive
)
Package hyperref Info: Option `plainpages' set `false' on input line 4362.
Package hyperref Info: Option `pdfpagelabels' set `true' on input line 4362.
Package hyperref Info: Option `colorlinks' set `true' on input line 4362.
Package hyperref Info: Option `bookmarksopen' set `true' on input line 4362.
Package hyperref Info: Hyper figures OFF on input line 4486.
Package hyperref Info: Link nesting OFF on input line 4491.
Package hyperref Info: Hyper index ON on input line 4494.
Package hyperref Info: Plain pages OFF on input line 4501.
Package hyperref Info: Backreferencing ON on input line 4504.
Package hyperref Info: Implicit mode ON; LaTeX internals redefined.
Package hyperref Info: Bookmarks ON on input line 4735.

(/usr/share/texlive/texmf-dist/tex/latex/hyperref/backref.sty
Package: backref 2016/05/21 v1.39 Bibliographical back referencing

(/usr/share/texlive/texmf-dist/tex/latex/oberdiek/rerunfilecheck.sty
Package: rerunfilecheck 2016/05/16 v1.8 Rerun checks for auxiliary files (HO)
Package uniquecounter Info: New unique counter `rerunfilecheck' on input line 2
82.
))
\c@Hy@tempcnt=\count167

(/usr/share/texlive/texmf-dist/tex/latex/url/url.sty
\Urlmuskip=\muskip17
Package: url 2013/09/16  ver 3.4  Verb mode for urls, etc.
)
LaTeX Info: Redefining \url on input line 5088.
\XeTeXLinkMargin=\dimen194
\Fld@menulength=\count168
\Field@Width=\dimen195
\Fld@charsize=\dimen196
Package hyperref Info: Hyper figures OFF on input line 6342.
Package hyperref Info: Link nesting OFF on input line 6347.
Package hyperref Info: Hyper index ON on input line 6350.
Package hyperref Info: backreferencing ON on input line 6355.
Package hyperref Info: Link coloring ON on input line 6360.
Package hyperref Info: Link coloring with OCG OFF on input line 6367.
Package hyperref Info: PDF/A mode OFF on input line 6372.
LaTeX Info: Redefining \ref on input line 6412.
LaTeX Info: Redefining \pageref on input line 6416.
\Hy@abspage=\count169
\c@Item=\count170
\c@Hfootnote=\count171
)

Package hyperref Message: Driver: hpdftex.

(/usr/share/texlive/texmf-dist/tex/latex/hyperref/hpdftex.def
File: hpdftex.def 2016/06/24 v6.83q Hyperref driver for pdfTeX
\Fld@listcount=\count172
\c@bookmark@seq@number=\count173
\Hy@SectionHShift=\skip60
)
(/usr/share/texlive/texmf-dist/tex/latex/oberdiek/hypcap.sty
Package: hypcap 2016/05/16 v1.12 Adjusting the anchors of captions (HO)
)
(/usr/share/texlive/texmf-dist/tex/latex/natbib/natbib.sty
Package: natbib 2010/09/13 8.31b (PWD, AO)
\bibhang=\skip61
\bibsep=\skip62
LaTeX Info: Redefining \cite on input line 694.
\c@NAT@ctr=\count174
)
(/usr/share/texlive/texmf-dist/tex/latex/fancyhdr/fancyhdr.sty
Package: fancyhdr 2016/09/06 3.8 Extensive control of page headers and footers
\fancy@headwidth=\skip63
\f@ncyO@elh=\skip64
\f@ncyO@erh=\skip65
\f@ncyO@olh=\skip66
\f@ncyO@orh=\skip67
\f@ncyO@elf=\skip68
\f@ncyO@erf=\skip69
\f@ncyO@olf=\skip70
\f@ncyO@orf=\skip71
)
\c@definition=\count175
\@indexfile=\write3
\openout3 = `tese-exemplo.idx'.


Writing index file tese-exemplo.idx
(/usr/share/texlive/texmf-dist/tex/latex/listings/lstlang1.sty
File: lstlang1.sty 2015/06/04 1.6 listings language file
)
(./tese-exemplo.aux

LaTeX Warning: Label `cap_acf_fig01' multiply defined.


LaTeX Warning: Label `cap_acf_fig02' multiply defined.


LaTeX Warning: Label `cap_acf_fig04' multiply defined.


LaTeX Warning: Label `cap_acf_fig05' multiply defined.


LaTeX Warning: Label `cap_acf_fig06' multiply defined.


LaTeX Warning: Label `cap_acf_fig07' multiply defined.


LaTeX Warning: Label `cap_acf_fig08' multiply defined.


LaTeX Warning: Label `cap_acf_fig09' multiply defined.


LaTeX Warning: Label `cap_acf_fig10' multiply defined.


LaTeX Warning: Label `cap_acf_fig11' multiply defined.


LaTeX Warning: Label `cap_acf_fig12' multiply defined.


LaTeX Warning: Label `cap_acf_fig13' multiply defined.


LaTeX Warning: Label `cap_acf_fig14' multiply defined.


LaTeX Warning: Label `cap_acf_fig01' multiply defined.


LaTeX Warning: Label `cap_acf_fig04' multiply defined.


LaTeX Warning: Label `cap_acf_fig05' multiply defined.


LaTeX Warning: Label `cap_acf_fig06' multiply defined.


LaTeX Warning: Label `cap_acf_fig07' multiply defined.


LaTeX Warning: Label `cap_acf_fig08' multiply defined.


LaTeX Warning: Label `cap_acf_fig09' multiply defined.


LaTeX Warning: Label `cap_acf_fig10' multiply defined.


LaTeX Warning: Label `cap_acf_fig11' multiply defined.


LaTeX Warning: Label `cap_acf_fig12' multiply defined.


LaTeX Warning: Label `cap_acf_fig13' multiply defined.


LaTeX Warning: Label `cap_acf_fig14' multiply defined.


LaTeX Warning: Label `cap_acf_fig15' multiply defined.


LaTeX Warning: Label `cap_acf_fig15' multiply defined.


LaTeX Warning: Label `cap_acf_fig16' multiply defined.


LaTeX Warning: Label `cap_acf_fig15' multiply defined.


LaTeX Warning: Label `cap_acf_fig16' multiply defined.


LaTeX Warning: Label `cap_acf_fig15' multiply defined.


LaTeX Warning: Label `cap_acf_fig16' multiply defined.


LaTeX Warning: Label `cap_acf_fig15' multiply defined.


LaTeX Warning: Label `cap_acf_fig15' multiply defined.


LaTeX Warning: Label `cap_acf_fig16' multiply defined.


LaTeX Warning: Label `cap_acf_fig15' multiply defined.


LaTeX Warning: Label `cap_acf_fig16' multiply defined.


LaTeX Warning: Label `cap_acf_fig15' multiply defined.


LaTeX Warning: Label `cap_acf_fig16' multiply defined.

)
\openout1 = `tese-exemplo.aux'.

LaTeX Font Info:    Checking defaults for OML/cmm/m/it on input line 94.
LaTeX Font Info:    ... okay on input line 94.
LaTeX Font Info:    Checking defaults for T1/cmr/m/n on input line 94.
LaTeX Font Info:    ... okay on input line 94.
LaTeX Font Info:    Checking defaults for OT1/cmr/m/n on input line 94.
LaTeX Font Info:    ... okay on input line 94.
LaTeX Font Info:    Checking defaults for OMS/cmsy/m/n on input line 94.
LaTeX Font Info:    ... okay on input line 94.
LaTeX Font Info:    Checking defaults for OMX/cmex/m/n on input line 94.
LaTeX Font Info:    ... okay on input line 94.
LaTeX Font Info:    Checking defaults for U/cmr/m/n on input line 94.
LaTeX Font Info:    ... okay on input line 94.
LaTeX Font Info:    Checking defaults for PD1/pdf/m/n on input line 94.
LaTeX Font Info:    ... okay on input line 94.
 (/usr/share/texlive/texmf-dist/tex/context/base/mkii/supp-pdf.mkii
[Loading MPS to PDF converter (version 2006.09.02).]
\scratchcounter=\count176
\scratchdimen=\dimen197
\scratchbox=\box54
\nofMPsegments=\count177
\nofMParguments=\count178
\everyMPshowfont=\toks26
\MPscratchCnt=\count179
\MPscratchDim=\dimen198
\MPnumerator=\count180
\makeMPintoPDFobject=\count181
\everyMPtoPDFconversion=\toks27
) (/usr/share/texlive/texmf-dist/tex/latex/oberdiek/epstopdf-base.sty
Package: epstopdf-base 2016/05/15 v2.6 Base part for package epstopdf

(/usr/share/texlive/texmf-dist/tex/latex/oberdiek/grfext.sty
Package: grfext 2016/05/16 v1.2 Manage graphics extensions (HO)
)
Package epstopdf-base Info: Redefining graphics rule for `.eps' on input line 4
38.
Package grfext Info: Graphics extension search list:
(grfext)             [.png,.pdf,.jpg,.mps,.jpeg,.jbig2,.jb2,.PNG,.PDF,.JPG,.JPE
G,.JBIG2,.JB2,.eps]
(grfext)             \AppendGraphicsExtensions on input line 456.

(/usr/share/texlive/texmf-dist/tex/latex/latexconfig/epstopdf-sys.cfg
File: epstopdf-sys.cfg 2010/07/13 v1.3 Configuration of (r)epstopdf for TeX Liv
e
))
\c@lstlisting=\count182

(/usr/share/texlive/texmf-dist/tex/latex/beamer/translator/dicts/translator-bas
ic-dictionary/translator-basic-dictionary-English.dict
Dictionary: translator-basic-dictionary, Language: English 
)
(/usr/share/texlive/texmf-dist/tex/latex/siunitx/siunitx-abbreviations.cfg
File: siunitx-abbreviations.cfg 2017/01/01 v2.7a siunitx: Abbreviated units
)
babelbib: Set bibliography fall-back language to brazil
(/usr/share/texlive/texmf-dist/tex/latex/babelbib/portuguese.bdf
File: portuguese.bdf 2012/01/03 v1.31 babelbib: multilingual bibliographies (HH
)

babelbib extension \btxifchangecaseoff added to \extrasbrazil
)
babelbib: Load BibTeX extensions \bibsbrazil for brazil
babelbib: Set language for keywords in the bibliography fixed to brazil
Package caption Info: Begin \AtBeginDocument code.
Package caption Info: hyperref package is loaded.
Package caption Info: hypcap package is loaded.
Package caption Info: End \AtBeginDocument code.
*geometry* driver: auto-detecting
*geometry* detected driver: pdftex
*geometry* verbose mode - [ preamble ] result:
* driver: pdftex
* paper: a4paper
* layout: <same size as paper>
* layoutoffset:(h,v)=(0.0pt,0.0pt)
* modes: twoside 
* h-part:(L,W,R)=(56.9055pt, 468.33257pt, 72.2698pt)
* v-part:(T,H,B)=(72.2698pt, 715.87154pt, 56.9055pt)
* \paperwidth=597.50787pt
* \paperheight=845.04684pt
* \textwidth=468.33257pt
* \textheight=715.87154pt
* \oddsidemargin=-15.36449pt
* \evensidemargin=-0.00018pt
* \topmargin=-31.87398pt
* \headheight=12.0pt
* \headsep=19.8738pt
* \topskip=11.0pt
* \footskip=27.46295pt
* \marginparwidth=106.0pt
* \marginparsep=7.0pt
* \columnsep=10.0pt
* \skip\footins=10.0pt plus 4.0pt minus 2.0pt
* \hoffset=0.0pt
* \voffset=0.0pt
* \mag=1000
* \@twocolumnfalse
* \@twosidetrue
* \@mparswitchtrue
* \@reversemarginfalse
* (1in=72.27pt=25.4mm, 1cm=28.453pt)

\AtBeginShipoutBox=\box55
Package backref Info: ** backref set up for natbib ** on input line 94.
Package hyperref Info: Link coloring ON on input line 94.
(/usr/share/texlive/texmf-dist/tex/latex/hyperref/nameref.sty
Package: nameref 2016/05/21 v2.44 Cross-referencing by name of section

(/usr/share/texlive/texmf-dist/tex/generic/oberdiek/gettitlestring.sty
Package: gettitlestring 2016/05/16 v1.5 Cleanup title references (HO)
)
\c@section@level=\count183
)
LaTeX Info: Redefining \ref on input line 94.
LaTeX Info: Redefining \pageref on input line 94.
LaTeX Info: Redefining \nameref on input line 94.

(./tese-exemplo.out) (./tese-exemplo.out)
\@outlinefile=\write4
\openout4 = `tese-exemplo.out'.

\c__siunitx_mathsf_int=\count184
\c__siunitx_mathtt_int=\count185
Package babel Info: Redefining portuges shorthand "|
(babel)             in language  on input line 285.
Package babel Info: Redefining portuges shorthand "|
(babel)             in language  on input line 285.
 [1



{/var/lib/texmf/fonts/map/pdftex/updmap/pdftex.map}]
Package babel Info: Redefining portuges shorthand "|
(babel)             in language  on input line 285.
Package babel Info: Redefining portuges shorthand "|
(babel)             in language  on input line 285.
 [2

] (./tese-exemplo.toc)
\tf@toc=\write5
\openout5 = `tese-exemplo.toc'.

Package babel Info: Redefining portuges shorthand "|
(babel)             in language  on input line 288.
Package babel Info: Redefining portuges shorthand "|
(babel)             in language  on input line 288.
 [3]
Package babel Info: Redefining portuges shorthand "|
(babel)             in language  on input line 288.
Package babel Info: Redefining portuges shorthand "|
(babel)             in language  on input line 288.
 [4

]
Package babel Info: Redefining portuges shorthand "|
(babel)             in language  on input line 288.
Package babel Info: Redefining portuges shorthand "|
(babel)             in language  on input line 301.
Package babel Info: Redefining portuges shorthand "|
(babel)             in language  on input line 301.
 [5]
Package babel Info: Redefining portuges shorthand "|
(babel)             in language  on input line 301.
Package babel Info: Redefining portuges shorthand "|
(babel)             in language  on input line 301.
 [6

]
Package babel Info: Redefining portuges shorthand "|
(babel)             in language  on input line 301.
Package babel Info: Redefining portuges shorthand "|
(babel)             in language  on input line 313.
Package babel Info: Redefining portuges shorthand "|
(babel)             in language  on input line 313.
 [7]
Package babel Info: Redefining portuges shorthand "|
(babel)             in language  on input line 313.
Package babel Info: Redefining portuges shorthand "|
(babel)             in language  on input line 313.
 [8

]
Package babel Info: Redefining portuges shorthand "|
(babel)             in language  on input line 313.

(./tese-exemplo.lof
Package babel Info: Redefining portuges shorthand "|
(babel)             in language  on input line 40.
Package babel Info: Redefining portuges shorthand "|
(babel)             in language  on input line 40.
 [9])
\tf@lof=\write6
\openout6 = `tese-exemplo.lof'.

Package babel Info: Redefining portuges shorthand "|
(babel)             in language  on input line 314.
Package babel Info: Redefining portuges shorthand "|
(babel)             in language  on input line 314.
 [10]
Package babel Info: Redefining portuges shorthand "|
(babel)             in language  on input line 314.
 (./tese-exemplo.lot)
\tf@lot=\write7
\openout7 = `tese-exemplo.lot'.

Package babel Info: Redefining portuges shorthand "|
(babel)             in language  on input line 318.
Package babel Info: Redefining portuges shorthand "|
(babel)             in language  on input line 318.
 [11

]
Package babel Info: Redefining portuges shorthand "|
(babel)             in language  on input line 318.
Package babel Info: Redefining portuges shorthand "|
(babel)             in language  on input line 318.
 [12

] (./cap2acf.tex
Cap\'{\i }tulo 1.
Package babel Info: Redefining portuges shorthand "|
(babel)             in language  on input line 2.
Package babel Info: Redefining portuges shorthand "|
(babel)             in language  on input line 5.
Package babel Info: Redefining portuges shorthand "|
(babel)             in language  on input line 24.
Package babel Info: Redefining portuges shorthand "|
(babel)             in language  on input line 24.
[1

]
Package babel Info: Redefining portuges shorthand "|
(babel)             in language  on input line 34.


Package Fancyhdr Warning: \headheight is too small (12.0pt): 
 Make it at least 13.59999pt.
 We now make it that large for the rest of the document.
 This may cause the page layout to be inconsistent, however.

Package babel Info: Redefining portuges shorthand "|
(babel)             in language  on input line 48.
Package babel Info: Redefining portuges shorthand "|
(babel)             in language  on input line 48.
[2]
Package babel Info: Redefining portuges shorthand "|
(babel)             in language  on input line 83.
Package babel Info: Redefining portuges shorthand "|
(babel)             in language  on input line 83.
 [3]
Overfull \hbox (5.09337pt too wide) in paragraph at lines 90--100
 [][] 
 []

LaTeX Font Info:    Font shape `OMS/cmr/m/n' in size <10.95> not available
(Font)              Font shape `OMS/cmsy/m/n' tried instead on input line 106.
Package babel Info: Redefining portuges shorthand "|
(babel)             in language  on input line 126.
Package babel Info: Redefining portuges shorthand "|
(babel)             in language  on input line 126.
[4]
Package babel Info: Redefining portuges shorthand "|
(babel)             in language  on input line 126.
Package babel Info: Redefining portuges shorthand "|
(babel)             in language  on input line 126.
 [5] <./figuras/sf_hh.pdf, id=415, 614.295pt x 794.97pt>
File: ./figuras/sf_hh.pdf Graphic file (type pdf)

<use ./figuras/sf_hh.pdf>
Package pdftex.def Info: ./figuras/sf_hh.pdf used on input line 175.
(pdftex.def)             Requested size: 163.91925pt x 212.1338pt.
 <./figuras/sf_vh.pdf, id=416, 614.295pt x 794.97pt>
File: ./figuras/sf_vh.pdf Graphic file (type pdf)

<use ./figuras/sf_vh.pdf>
Package pdftex.def Info: ./figuras/sf_vh.pdf used on input line 178.
(pdftex.def)             Requested size: 163.91925pt x 212.1338pt.
 <./figuras/sf_vv.pdf, id=417, 614.295pt x 794.97pt>
File: ./figuras/sf_vv.pdf Graphic file (type pdf)

<use ./figuras/sf_vv.pdf>
Package pdftex.def Info: ./figuras/sf_vv.pdf used on input line 182.
(pdftex.def)             Requested size: 163.91925pt x 212.1338pt.

Overfull \hbox (23.42519pt too wide) in paragraph at lines 174--185
 []$[]$$[]$$[]$ 
 []

Package babel Info: Redefining portuges shorthand "|
(babel)             in language  on input line 189.
Package babel Info: Redefining portuges shorthand "|
(babel)             in language  on input line 189.
[6] <./figuras/polsar_teste.pdf, id=430, 199.74625pt x 175.65625pt>
File: ./figuras/polsar_teste.pdf Graphic file (type pdf)

<use ./figuras/polsar_teste.pdf>
Package pdftex.def Info: ./figuras/polsar_teste.pdf used on input line 192.
(pdftex.def)             Requested size: 210.74821pt x 185.3397pt.

<./figuras/polsar_blue.pdf, id=431, 199.74625pt x 175.65625pt>
File: ./figuras/polsar_blue.pdf Graphic file (type pdf)

<use ./figuras/polsar_blue.pdf>
Package pdftex.def Info: ./figuras/polsar_blue.pdf used on input line 197.
(pdftex.def)             Requested size: 210.74821pt x 185.3397pt.

<./figuras/polsar_green.pdf, id=432, 199.74625pt x 175.65625pt>
File: ./figuras/polsar_green.pdf Graphic file (type pdf)

<use ./figuras/polsar_green.pdf>
Package pdftex.def Info: ./figuras/polsar_green.pdf used on input line 205.
(pdftex.def)             Requested size: 210.74821pt x 185.3397pt.

<./figuras/polsar_red.pdf, id=433, 199.74625pt x 175.65625pt>
File: ./figuras/polsar_red.pdf Graphic file (type pdf)

<use ./figuras/polsar_red.pdf>
Package pdftex.def Info: ./figuras/polsar_red.pdf used on input line 210.
(pdftex.def)             Requested size: 210.74821pt x 185.3397pt.
Package babel Info: Redefining portuges shorthand "|
(babel)             in language  on input line 225.
Package babel Info: Redefining portuges shorthand "|
(babel)             in language  on input line 225.
 [7 <./figuras/sf_hh.pdf> <./figuras/sf_vh.pdf> <./figuras/sf_vv.pdf> <./figura
s/polsar_teste.pdf> <./figuras/polsar_blue.pdf>]
Package babel Info: Redefining portuges shorthand "|
(babel)             in language  on input line 229.
Package babel Info: Redefining portuges shorthand "|
(babel)             in language  on input line 229.

[8 <./figuras/polsar_green.pdf> <./figuras/polsar_red.pdf>]
Cap\'{\i }tulo 2.
Package babel Info: Redefining portuges shorthand "|
(babel)             in language  on input line 229.
Package babel Info: Redefining portuges shorthand "|
(babel)             in language  on input line 231.
Package babel Info: Redefining portuges shorthand "|
(babel)             in language  on input line 278.
Package babel Info: Redefining portuges shorthand "|
(babel)             in language  on input line 278.
[9

]
Package babel Info: Redefining portuges shorthand "|
(babel)             in language  on input line 351.
Package babel Info: Redefining portuges shorthand "|
(babel)             in language  on input line 351.
 [10]
Package babel Info: Redefining portuges shorthand "|
(babel)             in language  on input line 375.
Package babel Info: Redefining portuges shorthand "|
(babel)             in language  on input line 394.
Package babel Info: Redefining portuges shorthand "|
(babel)             in language  on input line 394.
 [11]
Package babel Info: Redefining portuges shorthand "|
(babel)             in language  on input line 424.
Package babel Info: Redefining portuges shorthand "|
(babel)             in language  on input line 428.
Package babel Info: Redefining portuges shorthand "|
(babel)             in language  on input line 431.
Package babel Info: Redefining portuges shorthand "|
(babel)             in language  on input line 431.
 [12]
Overfull \hbox (11.25797pt too wide) in paragraph at lines 433--435
\T1/cmr/m/n/10.95 e a fun-ção lo-ga-rít-mica de ve-ros-si-mi-lhança a qual po-d
e-mos cha-mar de \T1/cmr/bx/n/10.95 fun-ção de log-verossimilhança
 []

Package babel Info: Redefining portuges shorthand "|
(babel)             in language  on input line 448.
Package babel Info: Redefining portuges shorthand "|
(babel)             in language  on input line 475.
Package babel Info: Redefining portuges shorthand "|
(babel)             in language  on input line 475.
[13]
Package babel Info: Redefining portuges shorthand "|
(babel)             in language  on input line 519.
Package babel Info: Redefining portuges shorthand "|
(babel)             in language  on input line 519.
 [14]
Cap\'{\i }tulo 3.
Package babel Info: Redefining portuges shorthand "|
(babel)             in language  on input line 519.
Package babel Info: Redefining portuges shorthand "|
(babel)             in language  on input line 520.
LaTeX Font Info:    Try loading font information for T1+pcr on input line 522.
(/usr/share/texlive/texmf-dist/tex/latex/psnfss/t1pcr.fd
File: t1pcr.fd 2001/06/04 font definitions for T1/pcr.
)
<./figuras/phanton_nhfc_dec_pauli.pdf, id=573, 570.13pt x 491.8375pt>
File: ./figuras/phanton_nhfc_dec_pauli.pdf Graphic file (type pdf)

<use ./figuras/phanton_nhfc_dec_pauli.pdf>
Package pdftex.def Info: ./figuras/phanton_nhfc_dec_pauli.pdf used on input lin
e 536.
(pdftex.def)             Requested size: 361.34999pt x 311.72795pt.
Package babel Info: Redefining portuges shorthand "|
(babel)             in language  on input line 543.
Package babel Info: Redefining portuges shorthand "|
(babel)             in language  on input line 550.
Package babel Info: Redefining portuges shorthand "|
(babel)             in language  on input line 550.
 [15

]
<./figuras/grafico_pdf_nhfc_2014_sigma_hh.pdf, id=597, 505.89pt x 505.89pt>
File: ./figuras/grafico_pdf_nhfc_2014_sigma_hh.pdf Graphic file (type pdf)

<use ./figuras/grafico_pdf_nhfc_2014_sigma_hh.pdf>
Package pdftex.def Info: ./figuras/grafico_pdf_nhfc_2014_sigma_hh.pdf used on i
nput line 577.
(pdftex.def)             Requested size: 354.12057pt x 354.12057pt.

<./figuras/grafico_l_nhfc_2014_sigmahh.pdf, id=603, 505.89pt x 505.89pt>
File: ./figuras/grafico_l_nhfc_2014_sigmahh.pdf Graphic file (type pdf)

<use ./figuras/grafico_l_nhfc_2014_sigmahh.pdf>
Package pdftex.def Info: ./figuras/grafico_l_nhfc_2014_sigmahh.pdf used on inpu
t line 589.
(pdftex.def)             Requested size: 234.16628pt x 234.17116pt.

<./figuras/grafico_l_nhfc_2014_sigmahv.pdf, id=604, 505.89pt x 505.89pt>
File: ./figuras/grafico_l_nhfc_2014_sigmahv.pdf Graphic file (type pdf)

<use ./figuras/grafico_l_nhfc_2014_sigmahv.pdf>
Package pdftex.def Info: ./figuras/grafico_l_nhfc_2014_sigmahv.pdf used on inpu
t line 593.
(pdftex.def)             Requested size: 234.16628pt x 234.17116pt.

<./figuras/grafico_l_nhfc_2014_sigmavv.pdf, id=605, 505.89pt x 505.89pt>
File: ./figuras/grafico_l_nhfc_2014_sigmavv.pdf Graphic file (type pdf)

<use ./figuras/grafico_l_nhfc_2014_sigmavv.pdf>
Package pdftex.def Info: ./figuras/grafico_l_nhfc_2014_sigmavv.pdf used on inpu
t line 598.
(pdftex.def)             Requested size: 234.16628pt x 234.17116pt.
Package babel Info: Redefining portuges shorthand "|
(babel)             in language  on input line 602.
Package babel Info: Redefining portuges shorthand "|
(babel)             in language  on input line 602.
 [16 <./figuras/phanton_nhfc_dec_pauli.pdf>]
Overfull \hbox (6.97523pt too wide) in paragraph at lines 605--606
[]\T1/cmr/m/n/10.95 O mé-todo GenSA mostrou-se com-pe-ti-tivo com os mé-to-dos 
em-pre-ga-dos no ar-tigo [][][][][][]
 []

<./figuras/ev_hh_nhfc_2014.pdf, id=628, 614.295pt x 794.97pt>
File: ./figuras/ev_hh_nhfc_2014.pdf Graphic file (type pdf)

<use ./figuras/ev_hh_nhfc_2014.pdf>
Package pdftex.def Info: ./figuras/ev_hh_nhfc_2014.pdf used on input line 618.
(pdftex.def)             Requested size: 222.46082pt x 287.88722pt.

Overfull \hbox (10.43053pt too wide) in paragraph at lines 618--619
[][] 
 []

<./figuras/ev_hv_nhfc_2014.pdf, id=629, 614.295pt x 794.97pt>
File: ./figuras/ev_hv_nhfc_2014.pdf Graphic file (type pdf)

<use ./figuras/ev_hv_nhfc_2014.pdf>
Package pdftex.def Info: ./figuras/ev_hv_nhfc_2014.pdf used on input line 622.
(pdftex.def)             Requested size: 222.46082pt x 287.88722pt.

Overfull \hbox (10.43053pt too wide) in paragraph at lines 622--623
[][] 
 []

<./figuras/ev_vv_nhfc_2014.pdf, id=630, 614.295pt x 794.97pt>
File: ./figuras/ev_vv_nhfc_2014.pdf Graphic file (type pdf)

<use ./figuras/ev_vv_nhfc_2014.pdf>
Package pdftex.def Info: ./figuras/ev_vv_nhfc_2014.pdf used on input line 627.
(pdftex.def)             Requested size: 222.46082pt x 287.88722pt.

Overfull \hbox (10.43053pt too wide) in paragraph at lines 627--628
[][] 
 []

<./figuras/metricas_ihh_ivh_ivv_nhfc.pdf, id=636, 504.88625pt x 504.88625pt>
File: ./figuras/metricas_ihh_ivh_ivv_nhfc.pdf Graphic file (type pdf)

<use ./figuras/metricas_ihh_ivh_ivv_nhfc.pdf>
Package pdftex.def Info: ./figuras/metricas_ihh_ivh_ivv_nhfc.pdf used on input 
line 635.
(pdftex.def)             Requested size: 361.34999pt x 361.353pt.
Package babel Info: Redefining portuges shorthand "|
(babel)             in language  on input line 639.
Package babel Info: Redefining portuges shorthand "|
(babel)             in language  on input line 639.
 [17 <./figuras/grafico_pdf_nhfc_2014_sigma_hh.pdf>]
Package babel Info: Redefining portuges shorthand "|
(babel)             in language  on input line 640.

<./figuras/fusao_soma_ev_hh_hv_vv_nhfc.pdf, id=653, 614.295pt x 794.97pt>
File: ./figuras/fusao_soma_ev_hh_hv_vv_nhfc.pdf Graphic file (type pdf)

<use ./figuras/fusao_soma_ev_hh_hv_vv_nhfc.pdf>
Package pdftex.def Info: ./figuras/fusao_soma_ev_hh_hv_vv_nhfc.pdf used on inpu
t line 655.
(pdftex.def)             Requested size: 222.46082pt x 287.88722pt.

Overfull \hbox (6.79999pt too wide) in paragraph at lines 655--656
[][] 
 []

<./figuras/fusao_ls_nhfc.pdf, id=654, 614.295pt x 794.97pt>
File: ./figuras/fusao_ls_nhfc.pdf Graphic file (type pdf)

<use ./figuras/fusao_ls_nhfc.pdf>
Package pdftex.def Info: ./figuras/fusao_ls_nhfc.pdf used on input line 660.
(pdftex.def)             Requested size: 222.46082pt x 287.88722pt.

Overfull \hbox (6.79999pt too wide) in paragraph at lines 660--661
[][] 
 []


<./figuras/metricas_ihh_ivh_ivv_ils_nhfc.pdf, id=656, 504.88625pt x 504.88625pt
>
File: ./figuras/metricas_ihh_ivh_ivv_ils_nhfc.pdf Graphic file (type pdf)
 <use ./figuras/metricas_ihh_ivh_ivv_ils_nhfc.pdf>
Package pdftex.def Info: ./figuras/metricas_ihh_ivh_ivv_ils_nhfc.pdf used on in
put line 668.
(pdftex.def)             Requested size: 222.46082pt x 222.45879pt.

Overfull \hbox (6.79999pt too wide) in paragraph at lines 668--669
[][] 
 []

<./figuras/fusao_ls_erro_nhfc.pdf, id=657, 504.88625pt x 504.88625pt>
File: ./figuras/fusao_ls_erro_nhfc.pdf Graphic file (type pdf)

<use ./figuras/fusao_ls_erro_nhfc.pdf>
Package pdftex.def Info: ./figuras/fusao_ls_erro_nhfc.pdf used on input line 67
3.
(pdftex.def)             Requested size: 222.46082pt x 222.45879pt.

Overfull \hbox (6.79999pt too wide) in paragraph at lines 673--674
[][] 
 []

Package babel Info: Redefining portuges shorthand "|
(babel)             in language  on input line 684.
Package babel Info: Redefining portuges shorthand "|
(babel)             in language  on input line 684.
[18]
Package babel Info: Redefining portuges shorthand "|
(babel)             in language  on input line 684.
Package babel Info: Redefining portuges shorthand "|
(babel)             in language  on input line 684.
 [19 <./figuras/grafico_l_nhfc_2014_sigmahh.pdf> <./figuras/grafico_l_nhfc_2014
_sigmahv.pdf> <./figuras/grafico_l_nhfc_2014_sigmavv.pdf>]
Package babel Info: Redefining portuges shorthand "|
(babel)             in language  on input line 684.
Package babel Info: Redefining portuges shorthand "|
(babel)             in language  on input line 684.
 [20 <./figuras/ev_hh_nhfc_2014.pdf> <./figuras/ev_hv_nhfc_2014.pdf> <./figuras
/ev_vv_nhfc_2014.pdf>]
Package babel Info: Redefining portuges shorthand "|
(babel)             in language  on input line 684.
Package babel Info: Redefining portuges shorthand "|
(babel)             in language  on input line 684.
 [21 <./figuras/metricas_ihh_ivh_ivv_nhfc.pdf>]
Package babel Info: Redefining portuges shorthand "|
(babel)             in language  on input line 684.
Package babel Info: Redefining portuges shorthand "|
(babel)             in language  on input line 684.
 [22 <./figuras/fusao_soma_ev_hh_hv_vv_nhfc.pdf> <./figuras/fusao_ls_nhfc.pdf> 
<./figuras/metricas_ihh_ivh_ivv_ils_nhfc.pdf> <./figuras/fusao_ls_erro_nhfc.pdf
>]
Cap\'{\i }tulo 4.
Package babel Info: Redefining portuges shorthand "|
(babel)             in language  on input line 684.
Package babel Info: Redefining portuges shorthand "|
(babel)             in language  on input line 699.
Package babel Info: Redefining portuges shorthand "|
(babel)             in language  on input line 699.
[23

]
Package babel Info: Redefining portuges shorthand "|
(babel)             in language  on input line 699.
Package babel Info: Redefining portuges shorthand "|
(babel)             in language  on input line 699.
 [24

]
Cap\'{\i }tulo 5.
Package babel Info: Redefining portuges shorthand "|
(babel)             in language  on input line 699.
Package babel Info: Redefining portuges shorthand "|
(babel)             in language  on input line 700.
<./figuras/phanton_gamf_dec_pauli.pdf, id=740, 614.295pt x 794.97pt>
File: ./figuras/phanton_gamf_dec_pauli.pdf Graphic file (type pdf)

<use ./figuras/phanton_gamf_dec_pauli.pdf>
Package pdftex.def Info: ./figuras/phanton_gamf_dec_pauli.pdf used on input lin
e 703.
(pdftex.def)             Requested size: 361.34999pt x 467.63326pt.

<./figuras/grafico_pdf_gamf_2017_sigma_hh.pdf, id=745, 505.89pt x 505.89pt>
File: ./figuras/grafico_pdf_gamf_2017_sigma_hh.pdf Graphic file (type pdf)

<use ./figuras/grafico_pdf_gamf_2017_sigma_hh.pdf>
Package pdftex.def Info: ./figuras/grafico_pdf_gamf_2017_sigma_hh.pdf used on i
nput line 708.
(pdftex.def)             Requested size: 354.12057pt x 354.12057pt.

<./figuras/grafico_l_gamf_2017_sigmahh.pdf, id=746, 505.89pt x 505.89pt>
File: ./figuras/grafico_l_gamf_2017_sigmahh.pdf Graphic file (type pdf)

<use ./figuras/grafico_l_gamf_2017_sigmahh.pdf>
Package pdftex.def Info: ./figuras/grafico_l_gamf_2017_sigmahh.pdf used on inpu
t line 714.
(pdftex.def)             Requested size: 234.16628pt x 234.17116pt.

<./figuras/grafico_l_gamf_2017_sigmahv.pdf, id=747, 505.89pt x 505.89pt>
File: ./figuras/grafico_l_gamf_2017_sigmahv.pdf Graphic file (type pdf)

<use ./figuras/grafico_l_gamf_2017_sigmahv.pdf>
Package pdftex.def Info: ./figuras/grafico_l_gamf_2017_sigmahv.pdf used on inpu
t line 718.
(pdftex.def)             Requested size: 234.16628pt x 234.17116pt.

<./figuras/grafico_l_gamf_2017_sigmavv.pdf, id=748, 505.89pt x 505.89pt>
File: ./figuras/grafico_l_gamf_2017_sigmavv.pdf Graphic file (type pdf)

<use ./figuras/grafico_l_gamf_2017_sigmavv.pdf>
Package pdftex.def Info: ./figuras/grafico_l_gamf_2017_sigmavv.pdf used on inpu
t line 723.
(pdftex.def)             Requested size: 234.16628pt x 234.17116pt.

<./figuras/ev_hh_gamf_2017.pdf, id=749, 614.295pt x 794.97pt>
File: ./figuras/ev_hh_gamf_2017.pdf Graphic file (type pdf)

<use ./figuras/ev_hh_gamf_2017.pdf>
Package pdftex.def Info: ./figuras/ev_hh_gamf_2017.pdf used on input line 729.
(pdftex.def)             Requested size: 222.46082pt x 287.88722pt.

Overfull \hbox (10.43053pt too wide) in paragraph at lines 729--730
[][] 
 []

<./figuras/ev_hv_gamf_2017.pdf, id=750, 614.295pt x 794.97pt>
File: ./figuras/ev_hv_gamf_2017.pdf Graphic file (type pdf)

<use ./figuras/ev_hv_gamf_2017.pdf>
Package pdftex.def Info: ./figuras/ev_hv_gamf_2017.pdf used on input line 733.
(pdftex.def)             Requested size: 222.46082pt x 287.88722pt.

Overfull \hbox (10.43053pt too wide) in paragraph at lines 733--734
[][] 
 []

<./figuras/ev_vv_gamf_2017.pdf, id=751, 614.295pt x 794.97pt>
File: ./figuras/ev_vv_gamf_2017.pdf Graphic file (type pdf)

<use ./figuras/ev_vv_gamf_2017.pdf>
Package pdftex.def Info: ./figuras/ev_vv_gamf_2017.pdf used on input line 738.
(pdftex.def)             Requested size: 222.46082pt x 287.88722pt.

Overfull \hbox (10.43053pt too wide) in paragraph at lines 738--739
[][] 
 []

<./figuras/metricas_ihh_ivh_ivv_gamf.pdf, id=752, 504.88625pt x 504.88625pt>
File: ./figuras/metricas_ihh_ivh_ivv_gamf.pdf Graphic file (type pdf)

<use ./figuras/metricas_ihh_ivh_ivv_gamf.pdf>
Package pdftex.def Info: ./figuras/metricas_ihh_ivh_ivv_gamf.pdf used on input 
line 745.
(pdftex.def)             Requested size: 361.34999pt x 361.353pt.

<./figuras/fusao_soma_ev_hh_hv_vv_gamf.pdf, id=753, 614.295pt x 794.97pt>
File: ./figuras/fusao_soma_ev_hh_hv_vv_gamf.pdf Graphic file (type pdf)

<use ./figuras/fusao_soma_ev_hh_hv_vv_gamf.pdf>
Package pdftex.def Info: ./figuras/fusao_soma_ev_hh_hv_vv_gamf.pdf used on inpu
t line 752.
(pdftex.def)             Requested size: 222.46082pt x 287.88722pt.

Overfull \hbox (6.79999pt too wide) in paragraph at lines 752--753
[][] 
 []

<./figuras/fusao_ls_gamf.pdf, id=754, 614.295pt x 794.97pt>
File: ./figuras/fusao_ls_gamf.pdf Graphic file (type pdf)

<use ./figuras/fusao_ls_gamf.pdf>
Package pdftex.def Info: ./figuras/fusao_ls_gamf.pdf used on input line 757.
(pdftex.def)             Requested size: 222.46082pt x 287.88722pt.

Overfull \hbox (6.79999pt too wide) in paragraph at lines 757--758
[][] 
 []


<./figuras/metricas_ihh_ivh_ivv_ils_gamf.pdf, id=755, 504.88625pt x 504.88625pt
>
File: ./figuras/metricas_ihh_ivh_ivv_ils_gamf.pdf Graphic file (type pdf)
 <use ./figuras/metricas_ihh_ivh_ivv_ils_gamf.pdf>
Package pdftex.def Info: ./figuras/metricas_ihh_ivh_ivv_ils_gamf.pdf used on in
put line 764.
(pdftex.def)             Requested size: 222.46082pt x 222.45879pt.

Overfull \hbox (6.79999pt too wide) in paragraph at lines 764--765
[][] 
 []

<./figuras/fusao_ls_erro_gamf.pdf, id=756, 504.88625pt x 504.88625pt>
File: ./figuras/fusao_ls_erro_gamf.pdf Graphic file (type pdf)

<use ./figuras/fusao_ls_erro_gamf.pdf>
Package pdftex.def Info: ./figuras/fusao_ls_erro_gamf.pdf used on input line 76
9.
(pdftex.def)             Requested size: 222.46082pt x 222.45879pt.

Overfull \hbox (6.79999pt too wide) in paragraph at lines 769--770
[][] 
 []

Package babel Info: Redefining portuges shorthand "|
(babel)             in language  on input line 774.
<./figuras/phanton_vert_dec_pauli.pdf, id=757, 614.295pt x 794.97pt>
File: ./figuras/phanton_vert_dec_pauli.pdf Graphic file (type pdf)

<use ./figuras/phanton_vert_dec_pauli.pdf>
Package pdftex.def Info: ./figuras/phanton_vert_dec_pauli.pdf used on input lin
e 777.
(pdftex.def)             Requested size: 361.34999pt x 467.63326pt.

<./figuras/grafico_l_vert_sigmahh.pdf, id=762, 505.89pt x 505.89pt>
File: ./figuras/grafico_l_vert_sigmahh.pdf Graphic file (type pdf)

<use ./figuras/grafico_l_vert_sigmahh.pdf>
Package pdftex.def Info: ./figuras/grafico_l_vert_sigmahh.pdf used on input lin
e 782.
(pdftex.def)             Requested size: 234.16628pt x 234.17116pt.

<./figuras/grafico_l_vert_sigmahv.pdf, id=763, 505.89pt x 505.89pt>
File: ./figuras/grafico_l_vert_sigmahv.pdf Graphic file (type pdf)

<use ./figuras/grafico_l_vert_sigmahv.pdf>
Package pdftex.def Info: ./figuras/grafico_l_vert_sigmahv.pdf used on input lin
e 786.
(pdftex.def)             Requested size: 234.16628pt x 234.17116pt.

<./figuras/grafico_l_vert_sigmavv.pdf, id=764, 505.89pt x 505.89pt>
File: ./figuras/grafico_l_vert_sigmavv.pdf Graphic file (type pdf)

<use ./figuras/grafico_l_vert_sigmavv.pdf>
Package pdftex.def Info: ./figuras/grafico_l_vert_sigmavv.pdf used on input lin
e 791.
(pdftex.def)             Requested size: 234.16628pt x 234.17116pt.

<./figuras/ev_hh_vert.pdf, id=765, 614.295pt x 794.97pt>
File: ./figuras/ev_hh_vert.pdf Graphic file (type pdf)

<use ./figuras/ev_hh_vert.pdf>
Package pdftex.def Info: ./figuras/ev_hh_vert.pdf used on input line 797.
(pdftex.def)             Requested size: 222.46082pt x 287.88722pt.

Overfull \hbox (10.43053pt too wide) in paragraph at lines 797--798
[][] 
 []

<./figuras/ev_hv_vert.pdf, id=766, 614.295pt x 794.97pt>
File: ./figuras/ev_hv_vert.pdf Graphic file (type pdf)

<use ./figuras/ev_hv_vert.pdf>
Package pdftex.def Info: ./figuras/ev_hv_vert.pdf used on input line 801.
(pdftex.def)             Requested size: 222.46082pt x 287.88722pt.

Overfull \hbox (10.43053pt too wide) in paragraph at lines 801--802
[][] 
 []

<./figuras/ev_vv_vert.pdf, id=767, 614.295pt x 794.97pt>
File: ./figuras/ev_vv_vert.pdf Graphic file (type pdf)

<use ./figuras/ev_vv_vert.pdf>
Package pdftex.def Info: ./figuras/ev_vv_vert.pdf used on input line 806.
(pdftex.def)             Requested size: 222.46082pt x 287.88722pt.

Overfull \hbox (10.43053pt too wide) in paragraph at lines 806--807
[][] 
 []

<./figuras/metricas_ihh_ivh_ivv_vert.pdf, id=768, 504.88625pt x 504.88625pt>
File: ./figuras/metricas_ihh_ivh_ivv_vert.pdf Graphic file (type pdf)

<use ./figuras/metricas_ihh_ivh_ivv_vert.pdf>
Package pdftex.def Info: ./figuras/metricas_ihh_ivh_ivv_vert.pdf used on input 
line 812.
(pdftex.def)             Requested size: 361.34999pt x 361.353pt.

<./figuras/fusao_soma_ev_hh_hv_vv_vert.pdf, id=769, 614.295pt x 794.97pt>
File: ./figuras/fusao_soma_ev_hh_hv_vv_vert.pdf Graphic file (type pdf)

<use ./figuras/fusao_soma_ev_hh_hv_vv_vert.pdf>
Package pdftex.def Info: ./figuras/fusao_soma_ev_hh_hv_vv_vert.pdf used on inpu
t line 819.
(pdftex.def)             Requested size: 222.46082pt x 287.88722pt.

Overfull \hbox (6.79999pt too wide) in paragraph at lines 819--820
[][] 
 []

<./figuras/fusao_ls_vert.pdf, id=770, 614.295pt x 794.97pt>
File: ./figuras/fusao_ls_vert.pdf Graphic file (type pdf)

<use ./figuras/fusao_ls_vert.pdf>
Package pdftex.def Info: ./figuras/fusao_ls_vert.pdf used on input line 824.
(pdftex.def)             Requested size: 222.46082pt x 287.88722pt.

Overfull \hbox (6.79999pt too wide) in paragraph at lines 824--825
[][] 
 []


<./figuras/metricas_ihh_ivh_ivv_ils_vert.pdf, id=771, 504.88625pt x 504.88625pt
>
File: ./figuras/metricas_ihh_ivh_ivv_ils_vert.pdf Graphic file (type pdf)
 <use ./figuras/metricas_ihh_ivh_ivv_ils_vert.pdf>
Package pdftex.def Info: ./figuras/metricas_ihh_ivh_ivv_ils_vert.pdf used on in
put line 831.
(pdftex.def)             Requested size: 222.46082pt x 222.45879pt.

Overfull \hbox (6.79999pt too wide) in paragraph at lines 831--832
[][] 
 []

<./figuras/fusao_ls_erro_vert.pdf, id=772, 504.88625pt x 504.88625pt>
File: ./figuras/fusao_ls_erro_vert.pdf Graphic file (type pdf)

<use ./figuras/fusao_ls_erro_vert.pdf>
Package pdftex.def Info: ./figuras/fusao_ls_erro_vert.pdf used on input line 83
6.
(pdftex.def)             Requested size: 222.46082pt x 222.45879pt.

Overfull \hbox (6.79999pt too wide) in paragraph at lines 836--837
[][] 
 []

<./figuras/flor_15_133_8_pauli.pdf, id=775, 614.295pt x 794.97pt>
File: ./figuras/flor_15_133_8_pauli.pdf Graphic file (type pdf)

<use ./figuras/flor_15_133_8_pauli.pdf>
Package pdftex.def Info: ./figuras/flor_15_133_8_pauli.pdf used on input line 8
44.
(pdftex.def)             Requested size: 222.46082pt x 287.88722pt.

Overfull \hbox (6.79999pt too wide) in paragraph at lines 844--845
[][] 
 []

<./figuras/flor_15_133_8_bin.pdf, id=776, 614.295pt x 794.97pt>
File: ./figuras/flor_15_133_8_bin.pdf Graphic file (type pdf)

<use ./figuras/flor_15_133_8_bin.pdf>
Package pdftex.def Info: ./figuras/flor_15_133_8_bin.pdf used on input line 849
.
(pdftex.def)             Requested size: 222.46082pt x 287.88722pt.

Overfull \hbox (6.79999pt too wide) in paragraph at lines 849--850
[][] 
 []

<./figuras/flor_15_133_8_hh.pdf, id=777, 614.295pt x 794.97pt>
File: ./figuras/flor_15_133_8_hh.pdf Graphic file (type pdf)

<use ./figuras/flor_15_133_8_hh.pdf>
Package pdftex.def Info: ./figuras/flor_15_133_8_hh.pdf used on input line 856.

(pdftex.def)             Requested size: 222.46082pt x 287.88722pt.

Overfull \hbox (10.43053pt too wide) in paragraph at lines 856--857
[][] 
 []

<./figuras/flor_15_133_8_hv.pdf, id=778, 614.295pt x 794.97pt>
File: ./figuras/flor_15_133_8_hv.pdf Graphic file (type pdf)

<use ./figuras/flor_15_133_8_hv.pdf>
Package pdftex.def Info: ./figuras/flor_15_133_8_hv.pdf used on input line 860.

(pdftex.def)             Requested size: 222.46082pt x 287.88722pt.

Overfull \hbox (10.43053pt too wide) in paragraph at lines 860--861
[][] 
 []

<./figuras/flor_15_133_8_vv.pdf, id=779, 614.295pt x 794.97pt>
File: ./figuras/flor_15_133_8_vv.pdf Graphic file (type pdf)

<use ./figuras/flor_15_133_8_vv.pdf>
Package pdftex.def Info: ./figuras/flor_15_133_8_vv.pdf used on input line 865.

(pdftex.def)             Requested size: 222.46082pt x 287.88722pt.

Overfull \hbox (10.43053pt too wide) in paragraph at lines 865--866
[][] 
 []

<./figuras/flor_8_103_3_pauli.pdf, id=780, 614.295pt x 794.97pt>
File: ./figuras/flor_8_103_3_pauli.pdf Graphic file (type pdf)

<use ./figuras/flor_8_103_3_pauli.pdf>
Package pdftex.def Info: ./figuras/flor_8_103_3_pauli.pdf used on input line 87
0.
(pdftex.def)             Requested size: 468.33257pt x 606.08794pt.

Overfull \hbox (6.79999pt too wide) in paragraph at lines 870--871
[][] 
 []

<./figuras/flor_8_103_3_hh.pdf, id=781, 614.295pt x 794.97pt>
File: ./figuras/flor_8_103_3_hh.pdf Graphic file (type pdf)

<use ./figuras/flor_8_103_3_hh.pdf>
Package pdftex.def Info: ./figuras/flor_8_103_3_hh.pdf used on input line 876.
(pdftex.def)             Requested size: 222.46082pt x 287.88722pt.

Overfull \hbox (6.79999pt too wide) in paragraph at lines 876--877
[][] 
 []

<./figuras/flor_evid_8_103_3_hh.pdf, id=782, 614.295pt x 794.97pt>
File: ./figuras/flor_evid_8_103_3_hh.pdf Graphic file (type pdf)

<use ./figuras/flor_evid_8_103_3_hh.pdf>
Package pdftex.def Info: ./figuras/flor_evid_8_103_3_hh.pdf used on input line 
881.
(pdftex.def)             Requested size: 222.46082pt x 287.88722pt.

Overfull \hbox (6.79999pt too wide) in paragraph at lines 881--882
[][] 
 []

<./figuras/flor_8_103_3_hv.pdf, id=783, 614.295pt x 794.97pt>
File: ./figuras/flor_8_103_3_hv.pdf Graphic file (type pdf)

<use ./figuras/flor_8_103_3_hv.pdf>
Package pdftex.def Info: ./figuras/flor_8_103_3_hv.pdf used on input line 888.
(pdftex.def)             Requested size: 222.46082pt x 287.88722pt.

Overfull \hbox (6.79999pt too wide) in paragraph at lines 888--889
[][] 
 []

<./figuras/flor_evid_8_103_3_hv.pdf, id=784, 614.295pt x 794.97pt>
File: ./figuras/flor_evid_8_103_3_hv.pdf Graphic file (type pdf)

<use ./figuras/flor_evid_8_103_3_hv.pdf>
Package pdftex.def Info: ./figuras/flor_evid_8_103_3_hv.pdf used on input line 
893.
(pdftex.def)             Requested size: 222.46082pt x 287.88722pt.

Overfull \hbox (6.79999pt too wide) in paragraph at lines 893--894
[][] 
 []

<./figuras/flor_8_103_3_vv.pdf, id=785, 614.295pt x 794.97pt>
File: ./figuras/flor_8_103_3_vv.pdf Graphic file (type pdf)

<use ./figuras/flor_8_103_3_vv.pdf>
Package pdftex.def Info: ./figuras/flor_8_103_3_vv.pdf used on input line 900.
(pdftex.def)             Requested size: 222.46082pt x 287.88722pt.

Overfull \hbox (6.79999pt too wide) in paragraph at lines 900--901
[][] 
 []

<./figuras/flor_evid_8_103_3_vv.pdf, id=786, 614.295pt x 794.97pt>
File: ./figuras/flor_evid_8_103_3_vv.pdf Graphic file (type pdf)

<use ./figuras/flor_evid_8_103_3_vv.pdf>
Package pdftex.def Info: ./figuras/flor_evid_8_103_3_vv.pdf used on input line 
905.
(pdftex.def)             Requested size: 222.46082pt x 287.88722pt.

Overfull \hbox (6.79999pt too wide) in paragraph at lines 905--906
[][] 
 []

<./figuras/flor_25_155_5_pauli.pdf, id=787, 614.295pt x 794.97pt>
File: ./figuras/flor_25_155_5_pauli.pdf Graphic file (type pdf)

<use ./figuras/flor_25_155_5_pauli.pdf>
Package pdftex.def Info: ./figuras/flor_25_155_5_pauli.pdf used on input line 9
11.
(pdftex.def)             Requested size: 468.33257pt x 606.08794pt.

Overfull \hbox (6.79999pt too wide) in paragraph at lines 911--912
[][] 
 []

<./figuras/flor_25_155_5_hh.pdf, id=788, 614.295pt x 794.97pt>
File: ./figuras/flor_25_155_5_hh.pdf Graphic file (type pdf)

<use ./figuras/flor_25_155_5_hh.pdf>
Package pdftex.def Info: ./figuras/flor_25_155_5_hh.pdf used on input line 917.

(pdftex.def)             Requested size: 222.46082pt x 287.88722pt.

Overfull \hbox (6.79999pt too wide) in paragraph at lines 917--918
[][] 
 []

<./figuras/flor_evid_25_155_5_hh.pdf, id=789, 614.295pt x 794.97pt>
File: ./figuras/flor_evid_25_155_5_hh.pdf Graphic file (type pdf)

<use ./figuras/flor_evid_25_155_5_hh.pdf>
Package pdftex.def Info: ./figuras/flor_evid_25_155_5_hh.pdf used on input line
 922.
(pdftex.def)             Requested size: 222.46082pt x 287.88722pt.

Overfull \hbox (6.79999pt too wide) in paragraph at lines 922--923
[][] 
 []

<./figuras/flor_25_155_5_hv.pdf, id=790, 614.295pt x 794.97pt>
File: ./figuras/flor_25_155_5_hv.pdf Graphic file (type pdf)

<use ./figuras/flor_25_155_5_hv.pdf>
Package pdftex.def Info: ./figuras/flor_25_155_5_hv.pdf used on input line 929.

(pdftex.def)             Requested size: 222.46082pt x 287.88722pt.

Overfull \hbox (6.79999pt too wide) in paragraph at lines 929--930
[][] 
 []

<./figuras/flor_evid_25_155_5_hv.pdf, id=791, 614.295pt x 794.97pt>
File: ./figuras/flor_evid_25_155_5_hv.pdf Graphic file (type pdf)

<use ./figuras/flor_evid_25_155_5_hv.pdf>
Package pdftex.def Info: ./figuras/flor_evid_25_155_5_hv.pdf used on input line
 934.
(pdftex.def)             Requested size: 222.46082pt x 287.88722pt.

Overfull \hbox (6.79999pt too wide) in paragraph at lines 934--935
[][] 
 []

<./figuras/flor_25_155_5_vv.pdf, id=792, 614.295pt x 794.97pt>
File: ./figuras/flor_25_155_5_vv.pdf Graphic file (type pdf)

<use ./figuras/flor_25_155_5_vv.pdf>
Package pdftex.def Info: ./figuras/flor_25_155_5_vv.pdf used on input line 941.

(pdftex.def)             Requested size: 222.46082pt x 287.88722pt.

Overfull \hbox (6.79999pt too wide) in paragraph at lines 941--942
[][] 
 []

<./figuras/flor_evid_25_155_5_vv.pdf, id=793, 614.295pt x 794.97pt>
File: ./figuras/flor_evid_25_155_5_vv.pdf Graphic file (type pdf)

<use ./figuras/flor_evid_25_155_5_vv.pdf>
Package pdftex.def Info: ./figuras/flor_evid_25_155_5_vv.pdf used on input line
 946.
(pdftex.def)             Requested size: 222.46082pt x 287.88722pt.

Overfull \hbox (6.79999pt too wide) in paragraph at lines 946--947
[][] 
 []

)
Package babel Info: Redefining portuges shorthand "|
(babel)             in language  on input line 341.
Package babel Info: Redefining portuges shorthand "|
(babel)             in language  on input line 341.
 [25]
Package babel Info: Redefining portuges shorthand "|
(babel)             in language  on input line 341.
Package babel Info: Redefining portuges shorthand "|
(babel)             in language  on input line 341.
 [26 <./figuras/phanton_gamf_dec_pauli.pdf>]
Package babel Info: Redefining portuges shorthand "|
(babel)             in language  on input line 341.
Package babel Info: Redefining portuges shorthand "|
(babel)             in language  on input line 341.
 [27 <./figuras/grafico_pdf_gamf_2017_sigma_hh.pdf>]
Package babel Info: Redefining portuges shorthand "|
(babel)             in language  on input line 341.
Package babel Info: Redefining portuges shorthand "|
(babel)             in language  on input line 341.
 [28 <./figuras/grafico_l_gamf_2017_sigmahh.pdf> <./figuras/grafico_l_gamf_2017
_sigmahv.pdf> <./figuras/grafico_l_gamf_2017_sigmavv.pdf>]
Package babel Info: Redefining portuges shorthand "|
(babel)             in language  on input line 341.
Package babel Info: Redefining portuges shorthand "|
(babel)             in language  on input line 341.
 [29 <./figuras/ev_hh_gamf_2017.pdf> <./figuras/ev_hv_gamf_2017.pdf> <./figuras
/ev_vv_gamf_2017.pdf>]
Package babel Info: Redefining portuges shorthand "|
(babel)             in language  on input line 341.
Package babel Info: Redefining portuges shorthand "|
(babel)             in language  on input line 341.
 [30 <./figuras/metricas_ihh_ivh_ivv_gamf.pdf>]
Package babel Info: Redefining portuges shorthand "|
(babel)             in language  on input line 341.
Package babel Info: Redefining portuges shorthand "|
(babel)             in language  on input line 341.

[31 <./figuras/fusao_soma_ev_hh_hv_vv_gamf.pdf> <./figuras/fusao_ls_gamf.pdf> <
./figuras/metricas_ihh_ivh_ivv_ils_gamf.pdf> <./figuras/fusao_ls_erro_gamf.pdf>
]
Package babel Info: Redefining portuges shorthand "|
(babel)             in language  on input line 341.
Package babel Info: Redefining portuges shorthand "|
(babel)             in language  on input line 341.
 [32 <./figuras/phanton_vert_dec_pauli.pdf>]
Package babel Info: Redefining portuges shorthand "|
(babel)             in language  on input line 341.
Package babel Info: Redefining portuges shorthand "|
(babel)             in language  on input line 341.
 [33 <./figuras/grafico_l_vert_sigmahh.pdf> <./figuras/grafico_l_vert_sigmahv.p
df> <./figuras/grafico_l_vert_sigmavv.pdf>]
Package babel Info: Redefining portuges shorthand "|
(babel)             in language  on input line 341.
Package babel Info: Redefining portuges shorthand "|
(babel)             in language  on input line 341.
 [34 <./figuras/ev_hh_vert.pdf> <./figuras/ev_hv_vert.pdf> <./figuras/ev_vv_ver
t.pdf>]
Package babel Info: Redefining portuges shorthand "|
(babel)             in language  on input line 341.
Package babel Info: Redefining portuges shorthand "|
(babel)             in language  on input line 341.
 [35 <./figuras/metricas_ihh_ivh_ivv_vert.pdf>]
Package babel Info: Redefining portuges shorthand "|
(babel)             in language  on input line 341.
Package babel Info: Redefining portuges shorthand "|
(babel)             in language  on input line 341.
 [36 <./figuras/fusao_soma_ev_hh_hv_vv_vert.pdf> <./figuras/fusao_ls_vert.pdf> 
<./figuras/metricas_ihh_ivh_ivv_ils_vert.pdf> <./figuras/fusao_ls_erro_vert.pdf
>]
Package babel Info: Redefining portuges shorthand "|
(babel)             in language  on input line 341.
Package babel Info: Redefining portuges shorthand "|
(babel)             in language  on input line 341.
 [37 <./figuras/flor_15_133_8_pauli.pdf> <./figuras/flor_15_133_8_bin.pdf>]
Package babel Info: Redefining portuges shorthand "|
(babel)             in language  on input line 341.
Package babel Info: Redefining portuges shorthand "|
(babel)             in language  on input line 341.
 [38 <./figuras/flor_15_133_8_hh.pdf> <./figuras/flor_15_133_8_hv.pdf> <./figur
as/flor_15_133_8_vv.pdf>]
Package babel Info: Redefining portuges shorthand "|
(babel)             in language  on input line 341.
Package babel Info: Redefining portuges shorthand "|
(babel)             in language  on input line 341.
 [39 <./figuras/flor_8_103_3_pauli.pdf>]
Package babel Info: Redefining portuges shorthand "|
(babel)             in language  on input line 341.
Package babel Info: Redefining portuges shorthand "|
(babel)             in language  on input line 341.
 [40 <./figuras/flor_8_103_3_hh.pdf> <./figuras/flor_evid_8_103_3_hh.pdf> <./fi
guras/flor_8_103_3_hv.pdf> <./figuras/flor_evid_8_103_3_hv.pdf>]
Package babel Info: Redefining portuges shorthand "|
(babel)             in language  on input line 341.
Package babel Info: Redefining portuges shorthand "|
(babel)             in language  on input line 341.
 [41 <./figuras/flor_8_103_3_vv.pdf> <./figuras/flor_evid_8_103_3_vv.pdf>]
Package babel Info: Redefining portuges shorthand "|
(babel)             in language  on input line 341.
Package babel Info: Redefining portuges shorthand "|
(babel)             in language  on input line 341.
 [42 <./figuras/flor_25_155_5_pauli.pdf>]
Package babel Info: Redefining portuges shorthand "|
(babel)             in language  on input line 341.
Package babel Info: Redefining portuges shorthand "|
(babel)             in language  on input line 341.
 [43 <./figuras/flor_25_155_5_hh.pdf> <./figuras/flor_evid_25_155_5_hh.pdf> <./
figuras/flor_25_155_5_hv.pdf> <./figuras/flor_evid_25_155_5_hv.pdf>]
Package babel Info: Redefining portuges shorthand "|
(babel)             in language  on input line 341.
Package babel Info: Redefining portuges shorthand "|
(babel)             in language  on input line 341.
 [44 <./figuras/flor_25_155_5_vv.pdf> <./figuras/flor_evid_25_155_5_vv.pdf>] (.
/tese-exemplo.bbl
(./tese-exemplo.brf)
\tf@brf=\write8
\openout8 = `tese-exemplo.brf'.

Package babel Info: Redefining portuges shorthand "|
(babel)             in language  on input line 1.
Package babel Info: Redefining portuges shorthand "|
(babel)             in language  on input line 124.
Package babel Info: Redefining portuges shorthand "|
(babel)             in language  on input line 124.
 [45


]
Package babel Info: Redefining portuges shorthand "|
(babel)             in language  on input line 249.
Package babel Info: Redefining portuges shorthand "|
(babel)             in language  on input line 249.
 [46]) (./tese-exemplo.ind)
Package atveryend Info: Empty hook `BeforeClearDocument' on input line 354.
Package babel Info: Redefining portuges shorthand "|
(babel)             in language  on input line 354.
Package babel Info: Redefining portuges shorthand "|
(babel)             in language  on input line 354.
 [47]
Package atveryend Info: Empty hook `AfterLastShipout' on input line 354.
 (./tese-exemplo.aux)
Package atveryend Info: Executing hook `AtVeryEndDocument' on input line 354.
Package atveryend Info: Executing hook `AtEndAfterFileList' on input line 354.
Package rerunfilecheck Info: File `tese-exemplo.out' has not changed.
(rerunfilecheck)             Checksum: 70F43C2052FBB652A083AC706581B57D;1551.
Package rerunfilecheck Info: File `tese-exemplo.brf' has not changed.
(rerunfilecheck)             Checksum: BAB37883957178F5A07DA7DE37A6DA25;2578.


LaTeX Warning: There were multiply-defined labels.

Package atveryend Info: Empty hook `AtVeryVeryEnd' on input line 354.
 ) 
Here is how much of TeX's memory you used:
 21880 strings out of 493013
 400379 string characters out of 6135682
 484261 words of memory out of 5000000
 24896 multiletter control sequences out of 15000+600000
 32095 words of font info for 92 fonts, out of 8000000 for 9000
 1141 hyphenation exceptions out of 8191
 36i,14n,46p,10417b,1051s stack positions out of 5000i,500n,10000p,200000b,80000s
{/usr/share/texmf/fonts/enc/dvips/cm-super/cm-super-t1.enc}{/usr/share/texliv
e/texmf-dist/fonts/enc/dvips/base/8r.enc}</usr/share/texlive/texmf-dist/fonts/t
ype1/public/amsfonts/cm/cmbx10.pfb></usr/share/texlive/texmf-dist/fonts/type1/p
ublic/amsfonts/cm/cmbx8.pfb></usr/share/texlive/texmf-dist/fonts/type1/public/a
msfonts/cm/cmbx9.pfb></usr/share/texlive/texmf-dist/fonts/type1/public/amsfonts
/cm/cmex10.pfb></usr/share/texlive/texmf-dist/fonts/type1/public/amsfonts/cm/cm
mi10.pfb></usr/share/texlive/texmf-dist/fonts/type1/public/amsfonts/cm/cmmi6.pf
b></usr/share/texlive/texmf-dist/fonts/type1/public/amsfonts/cm/cmmi7.pfb></usr
/share/texlive/texmf-dist/fonts/type1/public/amsfonts/cm/cmmi8.pfb></usr/share/
texlive/texmf-dist/fonts/type1/public/amsfonts/cm/cmmi9.pfb></usr/share/texlive
/texmf-dist/fonts/type1/public/amsfonts/cm/cmr10.pfb></usr/share/texlive/texmf-
dist/fonts/type1/public/amsfonts/cm/cmr6.pfb></usr/share/texlive/texmf-dist/fon
ts/type1/public/amsfonts/cm/cmr8.pfb></usr/share/texlive/texmf-dist/fonts/type1
/public/amsfonts/cm/cmr9.pfb></usr/share/texlive/texmf-dist/fonts/type1/public/
amsfonts/cm/cmsy10.pfb></usr/share/texlive/texmf-dist/fonts/type1/public/amsfon
ts/cm/cmsy6.pfb></usr/share/texlive/texmf-dist/fonts/type1/public/amsfonts/cm/c
msy8.pfb></usr/share/texlive/texmf-dist/fonts/type1/public/amsfonts/cm/cmti10.p
fb></usr/share/texlive/texmf-dist/fonts/type1/public/amsfonts/symbols/msam10.pf
b></usr/share/texmf/fonts/type1/public/cm-super/sfbx1000.pfb></usr/share/texmf/
fonts/type1/public/cm-super/sfbx1095.pfb></usr/share/texmf/fonts/type1/public/c
m-super/sfbx1440.pfb></usr/share/texmf/fonts/type1/public/cm-super/sfbx2074.pfb
></usr/share/texmf/fonts/type1/public/cm-super/sfbx2488.pfb></usr/share/texmf/f
onts/type1/public/cm-super/sfcc1440.pfb></usr/share/texmf/fonts/type1/public/cm
-super/sfrm0800.pfb></usr/share/texmf/fonts/type1/public/cm-super/sfrm0900.pfb>
</usr/share/texmf/fonts/type1/public/cm-super/sfrm1095.pfb></usr/share/texmf/fo
nts/type1/public/cm-super/sfrm1440.pfb></usr/share/texmf/fonts/type1/public/cm-
super/sfti1000.pfb></usr/share/texmf/fonts/type1/public/cm-super/sfti1095.pfb><
/usr/share/texlive/texmf-dist/fonts/type1/urw/courier/ucrr8a.pfb>
Output written on tese-exemplo.pdf (59 pages, 11080935 bytes).
PDF statistics:
 1268 PDF objects out of 1440 (max. 8388607)
 1031 compressed objects within 11 object streams
 189 named destinations out of 1000 (max. 500000)
 497 words of extra memory for PDF output out of 10000 (max. 10000000)

